{"obj": {"type": "AssignString", "path": ["sys", "name"], "value": "Untitled"}, "version": 1}
{"obj": {"type": "AssignString", "path": ["sys", "description"], "value": ""}, "version": 2}
{"obj": {"type": "AssignString", "path": ["monitoring", "4e47ab1f", "hostname"], "value": "c0309a-s25.ufhpc"}, "version": 3}
{"obj": {"type": "AssignString", "path": ["sys", "hostname"], "value": "c0309a-s25.ufhpc"}, "version": 4}
{"obj": {"type": "AssignString", "path": ["monitoring", "4e47ab1f", "pid"], "value": "138796"}, "version": 5}
{"obj": {"type": "AssignString", "path": ["monitoring", "4e47ab1f", "tid"], "value": "47297295367936"}, "version": 6}
{"obj": {"type": "AssignBool", "path": ["sys", "failed"], "value": false}, "version": 7}
{"obj": {"type": "ClearStringLog", "path": ["monitoring", "4e47ab1f", "stdout"]}, "version": 8}
{"obj": {"type": "ClearStringLog", "path": ["monitoring", "4e47ab1f", "stderr"]}, "version": 9}
{"obj": {"type": "ConfigFloatSeries", "path": ["monitoring", "4e47ab1f", "cpu"], "min": 0.0, "max": 100.0, "unit": "%"}, "version": 10}
{"obj": {"type": "ClearFloatLog", "path": ["monitoring", "4e47ab1f", "cpu"]}, "version": 11}
{"obj": {"type": "ConfigFloatSeries", "path": ["monitoring", "4e47ab1f", "memory"], "min": 0.0, "max": 188.44440460205078, "unit": "GB"}, "version": 12}
{"obj": {"type": "ClearFloatLog", "path": ["monitoring", "4e47ab1f", "memory"]}, "version": 13}
{"obj": {"type": "ConfigFloatSeries", "path": ["monitoring", "4e47ab1f", "gpu"], "min": 0.0, "max": 100.0, "unit": "%"}, "version": 14}
{"obj": {"type": "ClearFloatLog", "path": ["monitoring", "4e47ab1f", "gpu"]}, "version": 15}
{"obj": {"type": "ConfigFloatSeries", "path": ["monitoring", "4e47ab1f", "gpu_memory"], "min": 0.0, "max": 10.76116943359375, "unit": "GB"}, "version": 16}
{"obj": {"type": "ClearFloatLog", "path": ["monitoring", "4e47ab1f", "gpu_memory"]}, "version": 17}
{"obj": {"type": "AssignInt", "path": ["parameters", "batch_size"], "value": 64}, "version": 18}
{"obj": {"type": "AssignFloat", "path": ["parameters", "learning_rate"], "value": 1e-05}, "version": 19}
{"obj": {"type": "AssignString", "path": ["parameters", "optimizer"], "value": "adam"}, "version": 20}
{"obj": {"type": "AssignInt", "path": ["parameters", "patience"], "value": 50}, "version": 21}
{"obj": {"type": "AssignInt", "path": ["parameters", "min_delta"], "value": 0}, "version": 22}
{"obj": {"type": "AssignInt", "path": ["parameters", "subsampleFreq"], "value": 128}, "version": 23}
{"obj": {"type": "AssignFloat", "path": ["parameters", "secondsInWindow"], "value": 1.0}, "version": 24}
{"obj": {"type": "AssignFloat", "path": ["parameters", "nperseg"], "value": 128.0}, "version": 25}
{"obj": {"type": "AssignFloat", "path": ["parameters", "noverlap"], "value": 127.0}, "version": 26}
{"obj": {"type": "AssignString", "path": ["parameters", "window"], "value": "('tukey', 0.25)"}, "version": 27}
{"obj": {"type": "LogFloats", "path": ["monitoring", "4e47ab1f", "memory"], "values": [{"value": 91.75756072998047, "step": null, "ts": 1680808232.9949703}]}, "version": 28}
{"obj": {"type": "LogFloats", "path": ["monitoring", "4e47ab1f", "gpu_memory"], "values": [{"value": 2.1668701171875, "step": null, "ts": 1680808232.9949703}]}, "version": 29}
{"obj": {"type": "LogStrings", "path": ["monitoring", "4e47ab1f", "stdout"], "values": [{"value": "Epoch 1\n-------------------------------", "step": null, "ts": 1680808233.0210657}]}, "version": 30}
{"obj": {"type": "LogStrings", "path": ["monitoring", "4e47ab1f", "stdout"], "values": [{"value": "\n", "step": null, "ts": 1680808233.0230172}]}, "version": 31}
{"obj": {"type": "LogStrings", "path": ["monitoring", "4e47ab1f", "stdout"], "values": [{"value": "loss: 0.607108  [   64/177160]", "step": null, "ts": 1680808233.0478878}]}, "version": 32}
{"obj": {"type": "LogStrings", "path": ["monitoring", "4e47ab1f", "stdout"], "values": [{"value": "\n", "step": null, "ts": 1680808233.1445312}]}, "version": 33}
{"obj": {"type": "LogStrings", "path": ["monitoring", "4e47ab1f", "stdout"], "values": [{"value": "Test Error: \n Avg loss: 0.451611 \n", "step": null, "ts": 1680808233.4646142}]}, "version": 34}
{"obj": {"type": "LogStrings", "path": ["monitoring", "4e47ab1f", "stdout"], "values": [{"value": "\n", "step": null, "ts": 1680808233.4665372}]}, "version": 35}
{"obj": {"type": "UploadFile", "path": ["model_best"], "ext": "pth", "file_path": "/blue/gkalamangalam/jmark.ettinger/predictScalp/pytorchModels/model.pth", "tmp_file_name": null, "clean_after_upload": false}, "version": 36}
{"obj": {"type": "LogFloats", "path": ["train", "loss"], "values": [{"value": 0.6071079969406128, "step": null, "ts": 1680808233.470482}]}, "version": 37}
{"obj": {"type": "LogFloats", "path": ["test", "loss"], "values": [{"value": 0.4516112335420644, "step": null, "ts": 1680808233.4723957}]}, "version": 38}
{"obj": {"type": "LogStrings", "path": ["monitoring", "4e47ab1f", "stdout"], "values": [{"value": "\nSaved a new best model!\n", "step": null, "ts": 1680808233.4899445}]}, "version": 39}
{"obj": {"type": "LogStrings", "path": ["monitoring", "4e47ab1f", "stdout"], "values": [{"value": "\n", "step": null, "ts": 1680808233.492772}]}, "version": 40}
{"obj": {"type": "LogFloats", "path": ["monitoring", "4e47ab1f", "memory"], "values": [{"value": 91.76045989990234, "step": null, "ts": 1680808243.0230224}]}, "version": 41}
{"obj": {"type": "LogFloats", "path": ["monitoring", "4e47ab1f", "gpu_memory"], "values": [{"value": 2.1707763671875, "step": null, "ts": 1680808243.0230224}]}, "version": 42}
{"obj": {"type": "LogFloats", "path": ["monitoring", "4e47ab1f", "memory"], "values": [{"value": 91.76121520996094, "step": null, "ts": 1680808253.0296273}]}, "version": 43}
{"obj": {"type": "LogFloats", "path": ["monitoring", "4e47ab1f", "gpu_memory"], "values": [{"value": 2.1707763671875, "step": null, "ts": 1680808253.0296273}]}, "version": 44}
{"obj": {"type": "LogStrings", "path": ["monitoring", "4e47ab1f", "stdout"], "values": [{"value": "https://new-ui.neptune.ai/jettinger35/predictScalp/e/PRED-18\n", "step": null, "ts": 1680808257.7942545}]}, "version": 45}
{"obj": {"type": "LogStrings", "path": ["monitoring", "4e47ab1f", "stdout"], "values": [{"value": "Epoch 1\n-------------------------------", "step": null, "ts": 1680808257.8407183}]}, "version": 46}
{"obj": {"type": "LogStrings", "path": ["monitoring", "4e47ab1f", "stdout"], "values": [{"value": "\n", "step": null, "ts": 1680808257.8428164}]}, "version": 47}
{"obj": {"type": "LogStrings", "path": ["monitoring", "4e47ab1f", "stdout"], "values": [{"value": "loss: 0.275183  [   64/177160]", "step": null, "ts": 1680808257.8754346}]}, "version": 48}
{"obj": {"type": "LogStrings", "path": ["monitoring", "4e47ab1f", "stdout"], "values": [{"value": "\n", "step": null, "ts": 1680808257.8826327}]}, "version": 49}
{"obj": {"type": "LogStrings", "path": ["monitoring", "4e47ab1f", "stdout"], "values": [{"value": "Test Error: \n Avg loss: 0.451336 \n", "step": null, "ts": 1680808258.287107}]}, "version": 50}
{"obj": {"type": "LogStrings", "path": ["monitoring", "4e47ab1f", "stdout"], "values": [{"value": "\n", "step": null, "ts": 1680808258.2911837}]}, "version": 51}
{"obj": {"type": "LogStrings", "path": ["monitoring", "4e47ab1f", "stdout"], "values": [{"value": "\nSaved a new best model!\n", "step": null, "ts": 1680808258.2958488}]}, "version": 52}
{"obj": {"type": "LogStrings", "path": ["monitoring", "4e47ab1f", "stdout"], "values": [{"value": "\n", "step": null, "ts": 1680808258.2979987}]}, "version": 53}
{"obj": {"type": "LogStrings", "path": ["monitoring", "4e47ab1f", "stdout"], "values": [{"value": "Epoch 2\n-------------------------------", "step": null, "ts": 1680808258.300342}]}, "version": 54}
{"obj": {"type": "LogStrings", "path": ["monitoring", "4e47ab1f", "stdout"], "values": [{"value": "\n", "step": null, "ts": 1680808258.3076043}]}, "version": 55}
{"obj": {"type": "LogStrings", "path": ["monitoring", "4e47ab1f", "stdout"], "values": [{"value": "loss: 0.427693  [   64/177160]", "step": null, "ts": 1680808258.3226402}]}, "version": 56}
{"obj": {"type": "LogStrings", "path": ["monitoring", "4e47ab1f", "stdout"], "values": [{"value": "\n", "step": null, "ts": 1680808258.3375342}]}, "version": 57}
{"obj": {"type": "LogStrings", "path": ["monitoring", "4e47ab1f", "stdout"], "values": [{"value": "Test Error: \n Avg loss: 0.451425 \n", "step": null, "ts": 1680808258.7182758}]}, "version": 58}
{"obj": {"type": "LogStrings", "path": ["monitoring", "4e47ab1f", "stdout"], "values": [{"value": "\n", "step": null, "ts": 1680808258.7205617}]}, "version": 59}
{"obj": {"type": "LogStrings", "path": ["monitoring", "4e47ab1f", "stdout"], "values": [{"value": "Epoch 3\n-------------------------------", "step": null, "ts": 1680808258.7345016}]}, "version": 60}
{"obj": {"type": "LogStrings", "path": ["monitoring", "4e47ab1f", "stdout"], "values": [{"value": "\n", "step": null, "ts": 1680808258.7716465}]}, "version": 61}
{"obj": {"type": "LogStrings", "path": ["monitoring", "4e47ab1f", "stdout"], "values": [{"value": "loss: 0.262285  [   64/177160]", "step": null, "ts": 1680808258.7866492}]}, "version": 62}
{"obj": {"type": "LogStrings", "path": ["monitoring", "4e47ab1f", "stdout"], "values": [{"value": "\n", "step": null, "ts": 1680808258.8245249}]}, "version": 63}
{"obj": {"type": "LogStrings", "path": ["monitoring", "4e47ab1f", "stdout"], "values": [{"value": "Test Error: \n Avg loss: 0.451580 \n", "step": null, "ts": 1680808259.1467469}]}, "version": 64}
{"obj": {"type": "LogStrings", "path": ["monitoring", "4e47ab1f", "stdout"], "values": [{"value": "\n", "step": null, "ts": 1680808259.148932}]}, "version": 65}
{"obj": {"type": "LogStrings", "path": ["monitoring", "4e47ab1f", "stdout"], "values": [{"value": "Epoch 4\n-------------------------------", "step": null, "ts": 1680808259.1553118}]}, "version": 66}
{"obj": {"type": "LogStrings", "path": ["monitoring", "4e47ab1f", "stdout"], "values": [{"value": "\n", "step": null, "ts": 1680808259.172538}]}, "version": 67}
{"obj": {"type": "LogStrings", "path": ["monitoring", "4e47ab1f", "stdout"], "values": [{"value": "loss: 0.243338  [   64/177160]", "step": null, "ts": 1680808259.202524}]}, "version": 68}
{"obj": {"type": "LogStrings", "path": ["monitoring", "4e47ab1f", "stdout"], "values": [{"value": "\n", "step": null, "ts": 1680808259.2175345}]}, "version": 69}
{"obj": {"type": "LogStrings", "path": ["monitoring", "4e47ab1f", "stdout"], "values": [{"value": "Test Error: \n Avg loss: 0.451356 \n", "step": null, "ts": 1680808259.5759509}]}, "version": 70}
{"obj": {"type": "LogStrings", "path": ["monitoring", "4e47ab1f", "stdout"], "values": [{"value": "\n", "step": null, "ts": 1680808259.5780475}]}, "version": 71}
{"obj": {"type": "LogStrings", "path": ["monitoring", "4e47ab1f", "stdout"], "values": [{"value": "Epoch 5\n-------------------------------", "step": null, "ts": 1680808259.5845883}]}, "version": 72}
{"obj": {"type": "LogStrings", "path": ["monitoring", "4e47ab1f", "stdout"], "values": [{"value": "\n", "step": null, "ts": 1680808259.591561}]}, "version": 73}
{"obj": {"type": "LogStrings", "path": ["monitoring", "4e47ab1f", "stdout"], "values": [{"value": "loss: 0.423010  [   64/177160]", "step": null, "ts": 1680808259.630728}]}, "version": 74}
{"obj": {"type": "LogStrings", "path": ["monitoring", "4e47ab1f", "stdout"], "values": [{"value": "\n", "step": null, "ts": 1680808259.6565268}]}, "version": 75}
{"obj": {"type": "LogStrings", "path": ["monitoring", "4e47ab1f", "stdout"], "values": [{"value": "Test Error: \n Avg loss: 0.451524 \n", "step": null, "ts": 1680808260.0026786}]}, "version": 76}
{"obj": {"type": "LogStrings", "path": ["monitoring", "4e47ab1f", "stdout"], "values": [{"value": "\n", "step": null, "ts": 1680808260.0051012}]}, "version": 77}
{"obj": {"type": "LogStrings", "path": ["monitoring", "4e47ab1f", "stdout"], "values": [{"value": "Epoch 6\n-------------------------------", "step": null, "ts": 1680808260.0183961}]}, "version": 78}
{"obj": {"type": "LogStrings", "path": ["monitoring", "4e47ab1f", "stdout"], "values": [{"value": "\n", "step": null, "ts": 1680808260.0395355}]}, "version": 79}
{"obj": {"type": "LogStrings", "path": ["monitoring", "4e47ab1f", "stdout"], "values": [{"value": "loss: 0.413769  [   64/177160]", "step": null, "ts": 1680808260.0876505}]}, "version": 80}
{"obj": {"type": "LogStrings", "path": ["monitoring", "4e47ab1f", "stdout"], "values": [{"value": "\n", "step": null, "ts": 1680808260.1225302}]}, "version": 81}
{"obj": {"type": "LogStrings", "path": ["monitoring", "4e47ab1f", "stdout"], "values": [{"value": "Test Error: \n Avg loss: 0.451190 \n", "step": null, "ts": 1680808260.4305246}]}, "version": 82}
{"obj": {"type": "LogStrings", "path": ["monitoring", "4e47ab1f", "stdout"], "values": [{"value": "\n", "step": null, "ts": 1680808260.4354217}]}, "version": 83}
{"obj": {"type": "LogStrings", "path": ["monitoring", "4e47ab1f", "stdout"], "values": [{"value": "\nSaved a new best model!\n", "step": null, "ts": 1680808260.4397836}]}, "version": 84}
{"obj": {"type": "LogStrings", "path": ["monitoring", "4e47ab1f", "stdout"], "values": [{"value": "\n", "step": null, "ts": 1680808260.441861}]}, "version": 85}
{"obj": {"type": "LogStrings", "path": ["monitoring", "4e47ab1f", "stdout"], "values": [{"value": "Epoch 7\n-------------------------------", "step": null, "ts": 1680808260.444602}]}, "version": 86}
{"obj": {"type": "LogStrings", "path": ["monitoring", "4e47ab1f", "stdout"], "values": [{"value": "\n", "step": null, "ts": 1680808260.4515133}]}, "version": 87}
{"obj": {"type": "LogStrings", "path": ["monitoring", "4e47ab1f", "stdout"], "values": [{"value": "loss: 0.459633  [   64/177160]", "step": null, "ts": 1680808260.4539013}]}, "version": 88}
{"obj": {"type": "LogStrings", "path": ["monitoring", "4e47ab1f", "stdout"], "values": [{"value": "\n", "step": null, "ts": 1680808260.4561844}]}, "version": 89}
{"obj": {"type": "LogStrings", "path": ["monitoring", "4e47ab1f", "stdout"], "values": [{"value": "Test Error: \n Avg loss: 0.451135 \n", "step": null, "ts": 1680808260.8595262}]}, "version": 90}
{"obj": {"type": "LogStrings", "path": ["monitoring", "4e47ab1f", "stdout"], "values": [{"value": "\n", "step": null, "ts": 1680808260.8634825}]}, "version": 91}
{"obj": {"type": "LogStrings", "path": ["monitoring", "4e47ab1f", "stdout"], "values": [{"value": "\nSaved a new best model!\n", "step": null, "ts": 1680808260.8686368}]}, "version": 92}
{"obj": {"type": "LogStrings", "path": ["monitoring", "4e47ab1f", "stdout"], "values": [{"value": "\n", "step": null, "ts": 1680808260.8708904}]}, "version": 93}
{"obj": {"type": "LogStrings", "path": ["monitoring", "4e47ab1f", "stdout"], "values": [{"value": "Epoch 8\n-------------------------------", "step": null, "ts": 1680808260.8793063}]}, "version": 94}
{"obj": {"type": "LogStrings", "path": ["monitoring", "4e47ab1f", "stdout"], "values": [{"value": "\n", "step": null, "ts": 1680808260.9405334}]}, "version": 95}
{"obj": {"type": "LogStrings", "path": ["monitoring", "4e47ab1f", "stdout"], "values": [{"value": "loss: 0.436557  [   64/177160]", "step": null, "ts": 1680808260.9705276}]}, "version": 96}
{"obj": {"type": "LogStrings", "path": ["monitoring", "4e47ab1f", "stdout"], "values": [{"value": "\n", "step": null, "ts": 1680808260.9845285}]}, "version": 97}
{"obj": {"type": "LogStrings", "path": ["monitoring", "4e47ab1f", "stdout"], "values": [{"value": "Test Error: \n Avg loss: 0.451278 \n", "step": null, "ts": 1680808261.295062}]}, "version": 98}
{"obj": {"type": "LogStrings", "path": ["monitoring", "4e47ab1f", "stdout"], "values": [{"value": "\n", "step": null, "ts": 1680808261.2972798}]}, "version": 99}
{"obj": {"type": "LogStrings", "path": ["monitoring", "4e47ab1f", "stdout"], "values": [{"value": "Epoch 9\n-------------------------------", "step": null, "ts": 1680808261.311076}]}, "version": 100}
{"obj": {"type": "LogStrings", "path": ["monitoring", "4e47ab1f", "stdout"], "values": [{"value": "\n", "step": null, "ts": 1680808261.359647}]}, "version": 101}
{"obj": {"type": "LogStrings", "path": ["monitoring", "4e47ab1f", "stdout"], "values": [{"value": "loss: 0.543096  [   64/177160]", "step": null, "ts": 1680808261.3827288}]}, "version": 102}
{"obj": {"type": "LogStrings", "path": ["monitoring", "4e47ab1f", "stdout"], "values": [{"value": "\n", "step": null, "ts": 1680808261.407725}]}, "version": 103}
{"obj": {"type": "LogStrings", "path": ["monitoring", "4e47ab1f", "stdout"], "values": [{"value": "Test Error: \n Avg loss: 0.451253 \n", "step": null, "ts": 1680808261.7203114}]}, "version": 104}
{"obj": {"type": "LogStrings", "path": ["monitoring", "4e47ab1f", "stdout"], "values": [{"value": "\n", "step": null, "ts": 1680808261.7227054}]}, "version": 105}
{"obj": {"type": "LogStrings", "path": ["monitoring", "4e47ab1f", "stdout"], "values": [{"value": "Epoch 10\n-------------------------------", "step": null, "ts": 1680808261.7290928}]}, "version": 106}
{"obj": {"type": "LogStrings", "path": ["monitoring", "4e47ab1f", "stdout"], "values": [{"value": "\n", "step": null, "ts": 1680808261.746536}]}, "version": 107}
{"obj": {"type": "LogStrings", "path": ["monitoring", "4e47ab1f", "stdout"], "values": [{"value": "loss: 0.656426  [   64/177160]", "step": null, "ts": 1680808261.7836492}]}, "version": 108}
{"obj": {"type": "LogStrings", "path": ["monitoring", "4e47ab1f", "stdout"], "values": [{"value": "\n", "step": null, "ts": 1680808261.788849}]}, "version": 109}
{"obj": {"type": "LogStrings", "path": ["monitoring", "4e47ab1f", "stdout"], "values": [{"value": "Test Error: \n Avg loss: 0.451350 \n", "step": null, "ts": 1680808262.1433115}]}, "version": 110}
{"obj": {"type": "LogStrings", "path": ["monitoring", "4e47ab1f", "stdout"], "values": [{"value": "\n", "step": null, "ts": 1680808262.1458855}]}, "version": 111}
{"obj": {"type": "LogStrings", "path": ["monitoring", "4e47ab1f", "stdout"], "values": [{"value": "Epoch 11\n-------------------------------", "step": null, "ts": 1680808262.148178}]}, "version": 112}
{"obj": {"type": "LogStrings", "path": ["monitoring", "4e47ab1f", "stdout"], "values": [{"value": "\n", "step": null, "ts": 1680808262.1765268}]}, "version": 113}
{"obj": {"type": "LogStrings", "path": ["monitoring", "4e47ab1f", "stdout"], "values": [{"value": "loss: 0.316148  [   64/177160]", "step": null, "ts": 1680808262.1915326}]}, "version": 114}
{"obj": {"type": "LogStrings", "path": ["monitoring", "4e47ab1f", "stdout"], "values": [{"value": "\n", "step": null, "ts": 1680808262.2285225}]}, "version": 115}
{"obj": {"type": "LogStrings", "path": ["monitoring", "4e47ab1f", "stdout"], "values": [{"value": "Test Error: \n Avg loss: 0.451382 \n", "step": null, "ts": 1680808262.5662484}]}, "version": 116}
{"obj": {"type": "LogStrings", "path": ["monitoring", "4e47ab1f", "stdout"], "values": [{"value": "\n", "step": null, "ts": 1680808262.5685272}]}, "version": 117}
{"obj": {"type": "LogStrings", "path": ["monitoring", "4e47ab1f", "stdout"], "values": [{"value": "Epoch 12\n-------------------------------", "step": null, "ts": 1680808262.571359}]}, "version": 118}
{"obj": {"type": "LogStrings", "path": ["monitoring", "4e47ab1f", "stdout"], "values": [{"value": "\n", "step": null, "ts": 1680808262.5885315}]}, "version": 119}
{"obj": {"type": "LogStrings", "path": ["monitoring", "4e47ab1f", "stdout"], "values": [{"value": "loss: 0.244468  [   64/177160]", "step": null, "ts": 1680808262.6366346}]}, "version": 120}
{"obj": {"type": "LogStrings", "path": ["monitoring", "4e47ab1f", "stdout"], "values": [{"value": "\n", "step": null, "ts": 1680808262.6505275}]}, "version": 121}
{"obj": {"type": "LogStrings", "path": ["monitoring", "4e47ab1f", "stdout"], "values": [{"value": "Test Error: \n Avg loss: 0.451509 \n", "step": null, "ts": 1680808262.989318}]}, "version": 122}
{"obj": {"type": "LogStrings", "path": ["monitoring", "4e47ab1f", "stdout"], "values": [{"value": "\n", "step": null, "ts": 1680808262.9918315}]}, "version": 123}
{"obj": {"type": "LogStrings", "path": ["monitoring", "4e47ab1f", "stdout"], "values": [{"value": "Epoch 13\n-------------------------------", "step": null, "ts": 1680808262.999225}]}, "version": 124}
{"obj": {"type": "LogStrings", "path": ["monitoring", "4e47ab1f", "stdout"], "values": [{"value": "\n", "step": null, "ts": 1680808263.0022988}]}, "version": 125}
{"obj": {"type": "LogStrings", "path": ["monitoring", "4e47ab1f", "stdout"], "values": [{"value": "loss: 0.915670  [   64/177160]", "step": null, "ts": 1680808263.0084817}]}, "version": 126}
{"obj": {"type": "LogStrings", "path": ["monitoring", "4e47ab1f", "stdout"], "values": [{"value": "\n", "step": null, "ts": 1680808263.0114245}]}, "version": 127}
{"obj": {"type": "LogFloats", "path": ["monitoring", "4e47ab1f", "cpu"], "values": [{"value": 26.9, "step": null, "ts": 1680808263.0364316}]}, "version": 128}
{"obj": {"type": "LogFloats", "path": ["monitoring", "4e47ab1f", "memory"], "values": [{"value": 91.76621627807617, "step": null, "ts": 1680808263.0364316}]}, "version": 129}
{"obj": {"type": "LogFloats", "path": ["monitoring", "4e47ab1f", "gpu"], "values": [{"value": 8.0, "step": null, "ts": 1680808263.0364316}]}, "version": 130}
{"obj": {"type": "LogFloats", "path": ["monitoring", "4e47ab1f", "gpu_memory"], "values": [{"value": 2.1727294921875, "step": null, "ts": 1680808263.0364316}]}, "version": 131}
{"obj": {"type": "LogStrings", "path": ["monitoring", "4e47ab1f", "stdout"], "values": [{"value": "Test Error: \n Avg loss: 0.451603 \n", "step": null, "ts": 1680808263.4127653}]}, "version": 132}
{"obj": {"type": "LogStrings", "path": ["monitoring", "4e47ab1f", "stdout"], "values": [{"value": "\n", "step": null, "ts": 1680808263.4152894}]}, "version": 133}
{"obj": {"type": "LogStrings", "path": ["monitoring", "4e47ab1f", "stdout"], "values": [{"value": "Epoch 14\n-------------------------------", "step": null, "ts": 1680808263.4217806}]}, "version": 134}
{"obj": {"type": "LogStrings", "path": ["monitoring", "4e47ab1f", "stdout"], "values": [{"value": "\n", "step": null, "ts": 1680808263.4377027}]}, "version": 135}
{"obj": {"type": "LogStrings", "path": ["monitoring", "4e47ab1f", "stdout"], "values": [{"value": "loss: 0.937204  [   64/177160]", "step": null, "ts": 1680808263.4545324}]}, "version": 136}
{"obj": {"type": "LogStrings", "path": ["monitoring", "4e47ab1f", "stdout"], "values": [{"value": "\n", "step": null, "ts": 1680808263.4856474}]}, "version": 137}
{"obj": {"type": "LogStrings", "path": ["monitoring", "4e47ab1f", "stdout"], "values": [{"value": "Test Error: \n Avg loss: 0.451663 \n", "step": null, "ts": 1680808263.8377352}]}, "version": 138}
{"obj": {"type": "LogStrings", "path": ["monitoring", "4e47ab1f", "stdout"], "values": [{"value": "\n", "step": null, "ts": 1680808263.8410027}]}, "version": 139}
{"obj": {"type": "LogStrings", "path": ["monitoring", "4e47ab1f", "stdout"], "values": [{"value": "Epoch 15\n-------------------------------", "step": null, "ts": 1680808263.8496156}]}, "version": 140}
{"obj": {"type": "LogStrings", "path": ["monitoring", "4e47ab1f", "stdout"], "values": [{"value": "\n", "step": null, "ts": 1680808263.8556616}]}, "version": 141}
{"obj": {"type": "LogStrings", "path": ["monitoring", "4e47ab1f", "stdout"], "values": [{"value": "loss: 0.264608  [   64/177160]", "step": null, "ts": 1680808263.864872}]}, "version": 142}
{"obj": {"type": "LogStrings", "path": ["monitoring", "4e47ab1f", "stdout"], "values": [{"value": "\n", "step": null, "ts": 1680808263.8775709}]}, "version": 143}
{"obj": {"type": "LogStrings", "path": ["monitoring", "4e47ab1f", "stdout"], "values": [{"value": "Test Error: \n Avg loss: 0.451750 \n", "step": null, "ts": 1680808264.2613037}]}, "version": 144}
{"obj": {"type": "LogStrings", "path": ["monitoring", "4e47ab1f", "stdout"], "values": [{"value": "\n", "step": null, "ts": 1680808264.2646124}]}, "version": 145}
{"obj": {"type": "LogStrings", "path": ["monitoring", "4e47ab1f", "stdout"], "values": [{"value": "Epoch 16\n-------------------------------", "step": null, "ts": 1680808264.2684643}]}, "version": 146}
{"obj": {"type": "LogStrings", "path": ["monitoring", "4e47ab1f", "stdout"], "values": [{"value": "\n", "step": null, "ts": 1680808264.2787545}]}, "version": 147}
{"obj": {"type": "LogStrings", "path": ["monitoring", "4e47ab1f", "stdout"], "values": [{"value": "loss: 0.359461  [   64/177160]", "step": null, "ts": 1680808264.3117304}]}, "version": 148}
{"obj": {"type": "LogStrings", "path": ["monitoring", "4e47ab1f", "stdout"], "values": [{"value": "\n", "step": null, "ts": 1680808264.3336341}]}, "version": 149}
{"obj": {"type": "LogStrings", "path": ["monitoring", "4e47ab1f", "stdout"], "values": [{"value": "Test Error: \n Avg loss: 0.451884 \n", "step": null, "ts": 1680808264.6895516}]}, "version": 150}
{"obj": {"type": "LogStrings", "path": ["monitoring", "4e47ab1f", "stdout"], "values": [{"value": "\n", "step": null, "ts": 1680808264.6916087}]}, "version": 151}
{"obj": {"type": "LogStrings", "path": ["monitoring", "4e47ab1f", "stdout"], "values": [{"value": "Epoch 17\n-------------------------------", "step": null, "ts": 1680808264.6986096}]}, "version": 152}
{"obj": {"type": "LogStrings", "path": ["monitoring", "4e47ab1f", "stdout"], "values": [{"value": "\n", "step": null, "ts": 1680808264.7155335}]}, "version": 153}
{"obj": {"type": "LogStrings", "path": ["monitoring", "4e47ab1f", "stdout"], "values": [{"value": "loss: 0.356704  [   64/177160]", "step": null, "ts": 1680808264.7535284}]}, "version": 154}
{"obj": {"type": "LogStrings", "path": ["monitoring", "4e47ab1f", "stdout"], "values": [{"value": "\n", "step": null, "ts": 1680808264.7905247}]}, "version": 155}
{"obj": {"type": "LogStrings", "path": ["monitoring", "4e47ab1f", "stdout"], "values": [{"value": "Test Error: \n Avg loss: 0.451725 \n", "step": null, "ts": 1680808265.1116264}]}, "version": 156}
{"obj": {"type": "LogStrings", "path": ["monitoring", "4e47ab1f", "stdout"], "values": [{"value": "\n", "step": null, "ts": 1680808265.1138985}]}, "version": 157}
{"obj": {"type": "LogStrings", "path": ["monitoring", "4e47ab1f", "stdout"], "values": [{"value": "Epoch 18\n-------------------------------", "step": null, "ts": 1680808265.1264272}]}, "version": 158}
{"obj": {"type": "LogStrings", "path": ["monitoring", "4e47ab1f", "stdout"], "values": [{"value": "\n", "step": null, "ts": 1680808265.1346526}]}, "version": 159}
{"obj": {"type": "LogStrings", "path": ["monitoring", "4e47ab1f", "stdout"], "values": [{"value": "loss: 0.641057  [   64/177160]", "step": null, "ts": 1680808265.141909}]}, "version": 160}
{"obj": {"type": "LogStrings", "path": ["monitoring", "4e47ab1f", "stdout"], "values": [{"value": "\n", "step": null, "ts": 1680808265.1486852}]}, "version": 161}
{"obj": {"type": "LogStrings", "path": ["monitoring", "4e47ab1f", "stdout"], "values": [{"value": "Test Error: \n Avg loss: 0.451663 \n", "step": null, "ts": 1680808265.5368755}]}, "version": 162}
{"obj": {"type": "LogStrings", "path": ["monitoring", "4e47ab1f", "stdout"], "values": [{"value": "\n", "step": null, "ts": 1680808265.5392456}]}, "version": 163}
{"obj": {"type": "LogStrings", "path": ["monitoring", "4e47ab1f", "stdout"], "values": [{"value": "Epoch 19\n-------------------------------", "step": null, "ts": 1680808265.5420022}]}, "version": 164}
{"obj": {"type": "LogStrings", "path": ["monitoring", "4e47ab1f", "stdout"], "values": [{"value": "\n", "step": null, "ts": 1680808265.558656}]}, "version": 165}
{"obj": {"type": "LogStrings", "path": ["monitoring", "4e47ab1f", "stdout"], "values": [{"value": "loss: 0.618297  [   64/177160]", "step": null, "ts": 1680808265.5845249}]}, "version": 166}
{"obj": {"type": "LogStrings", "path": ["monitoring", "4e47ab1f", "stdout"], "values": [{"value": "\n", "step": null, "ts": 1680808265.6215265}]}, "version": 167}
{"obj": {"type": "LogStrings", "path": ["monitoring", "4e47ab1f", "stdout"], "values": [{"value": "Test Error: \n Avg loss: 0.451659 \n", "step": null, "ts": 1680808265.9526718}]}, "version": 168}
{"obj": {"type": "LogStrings", "path": ["monitoring", "4e47ab1f", "stdout"], "values": [{"value": "\n", "step": null, "ts": 1680808265.9549108}]}, "version": 169}
{"obj": {"type": "LogStrings", "path": ["monitoring", "4e47ab1f", "stdout"], "values": [{"value": "Epoch 20\n-------------------------------", "step": null, "ts": 1680808265.9672663}]}, "version": 170}
{"obj": {"type": "LogStrings", "path": ["monitoring", "4e47ab1f", "stdout"], "values": [{"value": "\n", "step": null, "ts": 1680808265.98253}]}, "version": 171}
{"obj": {"type": "LogStrings", "path": ["monitoring", "4e47ab1f", "stdout"], "values": [{"value": "loss: 0.382059  [   64/177160]", "step": null, "ts": 1680808265.99254}]}, "version": 172}
{"obj": {"type": "LogStrings", "path": ["monitoring", "4e47ab1f", "stdout"], "values": [{"value": "\n", "step": null, "ts": 1680808266.018632}]}, "version": 173}
{"obj": {"type": "LogStrings", "path": ["monitoring", "4e47ab1f", "stdout"], "values": [{"value": "Test Error: \n Avg loss: 0.451598 \n", "step": null, "ts": 1680808266.3800316}]}, "version": 174}
{"obj": {"type": "LogStrings", "path": ["monitoring", "4e47ab1f", "stdout"], "values": [{"value": "\n", "step": null, "ts": 1680808266.382203}]}, "version": 175}
{"obj": {"type": "LogStrings", "path": ["monitoring", "4e47ab1f", "stdout"], "values": [{"value": "Epoch 21\n-------------------------------", "step": null, "ts": 1680808266.3892221}]}, "version": 176}
{"obj": {"type": "LogStrings", "path": ["monitoring", "4e47ab1f", "stdout"], "values": [{"value": "\n", "step": null, "ts": 1680808266.4065356}]}, "version": 177}
{"obj": {"type": "LogStrings", "path": ["monitoring", "4e47ab1f", "stdout"], "values": [{"value": "loss: 0.668436  [   64/177160]", "step": null, "ts": 1680808266.4325268}]}, "version": 178}
{"obj": {"type": "LogStrings", "path": ["monitoring", "4e47ab1f", "stdout"], "values": [{"value": "\n", "step": null, "ts": 1680808266.4585216}]}, "version": 179}
{"obj": {"type": "LogStrings", "path": ["monitoring", "4e47ab1f", "stdout"], "values": [{"value": "Test Error: \n Avg loss: 0.451511 \n", "step": null, "ts": 1680808266.7991993}]}, "version": 180}
{"obj": {"type": "LogStrings", "path": ["monitoring", "4e47ab1f", "stdout"], "values": [{"value": "\n", "step": null, "ts": 1680808266.8013558}]}, "version": 181}
{"obj": {"type": "LogStrings", "path": ["monitoring", "4e47ab1f", "stdout"], "values": [{"value": "Epoch 22\n-------------------------------", "step": null, "ts": 1680808266.8079944}]}, "version": 182}
{"obj": {"type": "LogStrings", "path": ["monitoring", "4e47ab1f", "stdout"], "values": [{"value": "\n", "step": null, "ts": 1680808266.8245356}]}, "version": 183}
{"obj": {"type": "LogStrings", "path": ["monitoring", "4e47ab1f", "stdout"], "values": [{"value": "loss: 0.370418  [   64/177160]", "step": null, "ts": 1680808266.8725262}]}, "version": 184}
{"obj": {"type": "LogStrings", "path": ["monitoring", "4e47ab1f", "stdout"], "values": [{"value": "\n", "step": null, "ts": 1680808266.8965218}]}, "version": 185}
{"obj": {"type": "LogStrings", "path": ["monitoring", "4e47ab1f", "stdout"], "values": [{"value": "Test Error: \n Avg loss: 0.451385 \n", "step": null, "ts": 1680808267.2195706}]}, "version": 186}
{"obj": {"type": "LogStrings", "path": ["monitoring", "4e47ab1f", "stdout"], "values": [{"value": "\n", "step": null, "ts": 1680808267.221808}]}, "version": 187}
{"obj": {"type": "LogStrings", "path": ["monitoring", "4e47ab1f", "stdout"], "values": [{"value": "Epoch 23\n-------------------------------", "step": null, "ts": 1680808267.2284074}]}, "version": 188}
{"obj": {"type": "LogStrings", "path": ["monitoring", "4e47ab1f", "stdout"], "values": [{"value": "\n", "step": null, "ts": 1680808267.2435353}]}, "version": 189}
{"obj": {"type": "LogStrings", "path": ["monitoring", "4e47ab1f", "stdout"], "values": [{"value": "loss: 0.624628  [   64/177160]", "step": null, "ts": 1680808267.2996354}]}, "version": 190}
{"obj": {"type": "LogStrings", "path": ["monitoring", "4e47ab1f", "stdout"], "values": [{"value": "\n", "step": null, "ts": 1680808267.361697}]}, "version": 191}
{"obj": {"type": "LogStrings", "path": ["monitoring", "4e47ab1f", "stdout"], "values": [{"value": "Test Error: \n Avg loss: 0.451395 \n", "step": null, "ts": 1680808267.6389644}]}, "version": 192}
{"obj": {"type": "LogStrings", "path": ["monitoring", "4e47ab1f", "stdout"], "values": [{"value": "\n", "step": null, "ts": 1680808267.6414654}]}, "version": 193}
{"obj": {"type": "LogStrings", "path": ["monitoring", "4e47ab1f", "stdout"], "values": [{"value": "Epoch 24\n-------------------------------", "step": null, "ts": 1680808267.650545}]}, "version": 194}
{"obj": {"type": "LogStrings", "path": ["monitoring", "4e47ab1f", "stdout"], "values": [{"value": "\n", "step": null, "ts": 1680808267.6786482}]}, "version": 195}
{"obj": {"type": "LogStrings", "path": ["monitoring", "4e47ab1f", "stdout"], "values": [{"value": "loss: 0.431385  [   64/177160]", "step": null, "ts": 1680808267.7045267}]}, "version": 196}
{"obj": {"type": "LogStrings", "path": ["monitoring", "4e47ab1f", "stdout"], "values": [{"value": "\n", "step": null, "ts": 1680808267.7335334}]}, "version": 197}
{"obj": {"type": "LogStrings", "path": ["monitoring", "4e47ab1f", "stdout"], "values": [{"value": "Test Error: \n Avg loss: 0.451398 \n", "step": null, "ts": 1680808268.0642755}]}, "version": 198}
{"obj": {"type": "LogStrings", "path": ["monitoring", "4e47ab1f", "stdout"], "values": [{"value": "\n", "step": null, "ts": 1680808268.0664554}]}, "version": 199}
{"obj": {"type": "LogStrings", "path": ["monitoring", "4e47ab1f", "stdout"], "values": [{"value": "Epoch 25\n-------------------------------", "step": null, "ts": 1680808268.0727525}]}, "version": 200}
{"obj": {"type": "LogStrings", "path": ["monitoring", "4e47ab1f", "stdout"], "values": [{"value": "\n", "step": null, "ts": 1680808268.0896559}]}, "version": 201}
{"obj": {"type": "LogStrings", "path": ["monitoring", "4e47ab1f", "stdout"], "values": [{"value": "loss: 0.260852  [   64/177160]", "step": null, "ts": 1680808268.1257193}]}, "version": 202}
{"obj": {"type": "LogStrings", "path": ["monitoring", "4e47ab1f", "stdout"], "values": [{"value": "\n", "step": null, "ts": 1680808268.1406498}]}, "version": 203}
{"obj": {"type": "LogStrings", "path": ["monitoring", "4e47ab1f", "stdout"], "values": [{"value": "Test Error: \n Avg loss: 0.451365 \n", "step": null, "ts": 1680808268.5116656}]}, "version": 204}
{"obj": {"type": "LogStrings", "path": ["monitoring", "4e47ab1f", "stdout"], "values": [{"value": "\n", "step": null, "ts": 1680808268.5138521}]}, "version": 205}
{"obj": {"type": "LogStrings", "path": ["monitoring", "4e47ab1f", "stdout"], "values": [{"value": "Epoch 26\n-------------------------------", "step": null, "ts": 1680808268.5267727}]}, "version": 206}
{"obj": {"type": "LogStrings", "path": ["monitoring", "4e47ab1f", "stdout"], "values": [{"value": "\n", "step": null, "ts": 1680808268.535621}]}, "version": 207}
{"obj": {"type": "LogStrings", "path": ["monitoring", "4e47ab1f", "stdout"], "values": [{"value": "loss: 0.400194  [   64/177160]", "step": null, "ts": 1680808268.542807}]}, "version": 208}
{"obj": {"type": "LogStrings", "path": ["monitoring", "4e47ab1f", "stdout"], "values": [{"value": "\n", "step": null, "ts": 1680808268.56254}]}, "version": 209}
{"obj": {"type": "LogStrings", "path": ["monitoring", "4e47ab1f", "stdout"], "values": [{"value": "Test Error: \n Avg loss: 0.451378 \n", "step": null, "ts": 1680808268.9380405}]}, "version": 210}
{"obj": {"type": "LogStrings", "path": ["monitoring", "4e47ab1f", "stdout"], "values": [{"value": "\n", "step": null, "ts": 1680808268.9401517}]}, "version": 211}
{"obj": {"type": "LogStrings", "path": ["monitoring", "4e47ab1f", "stdout"], "values": [{"value": "Epoch 27\n-------------------------------", "step": null, "ts": 1680808268.9495816}]}, "version": 212}
{"obj": {"type": "LogStrings", "path": ["monitoring", "4e47ab1f", "stdout"], "values": [{"value": "\n", "step": null, "ts": 1680808268.9665327}]}, "version": 213}
{"obj": {"type": "LogStrings", "path": ["monitoring", "4e47ab1f", "stdout"], "values": [{"value": "loss: 0.317407  [   64/177160]", "step": null, "ts": 1680808268.981534}]}, "version": 214}
{"obj": {"type": "LogStrings", "path": ["monitoring", "4e47ab1f", "stdout"], "values": [{"value": "\n", "step": null, "ts": 1680808268.9906638}]}, "version": 215}
{"obj": {"type": "LogStrings", "path": ["monitoring", "4e47ab1f", "stdout"], "values": [{"value": "Test Error: \n Avg loss: 0.451437 \n", "step": null, "ts": 1680808269.35912}]}, "version": 216}
{"obj": {"type": "LogStrings", "path": ["monitoring", "4e47ab1f", "stdout"], "values": [{"value": "\n", "step": null, "ts": 1680808269.3613434}]}, "version": 217}
{"obj": {"type": "LogStrings", "path": ["monitoring", "4e47ab1f", "stdout"], "values": [{"value": "Epoch 28\n-------------------------------", "step": null, "ts": 1680808269.364026}]}, "version": 218}
{"obj": {"type": "LogStrings", "path": ["monitoring", "4e47ab1f", "stdout"], "values": [{"value": "\n", "step": null, "ts": 1680808269.3711026}]}, "version": 219}
{"obj": {"type": "LogStrings", "path": ["monitoring", "4e47ab1f", "stdout"], "values": [{"value": "loss: 0.350557  [   64/177160]", "step": null, "ts": 1680808269.3946376}]}, "version": 220}
{"obj": {"type": "LogStrings", "path": ["monitoring", "4e47ab1f", "stdout"], "values": [{"value": "\n", "step": null, "ts": 1680808269.3977711}]}, "version": 221}
{"obj": {"type": "LogStrings", "path": ["monitoring", "4e47ab1f", "stdout"], "values": [{"value": "Test Error: \n Avg loss: 0.451491 \n", "step": null, "ts": 1680808269.7925708}]}, "version": 222}
{"obj": {"type": "LogStrings", "path": ["monitoring", "4e47ab1f", "stdout"], "values": [{"value": "\n", "step": null, "ts": 1680808269.7949097}]}, "version": 223}
{"obj": {"type": "LogStrings", "path": ["monitoring", "4e47ab1f", "stdout"], "values": [{"value": "Epoch 29\n-------------------------------", "step": null, "ts": 1680808269.8012815}]}, "version": 224}
{"obj": {"type": "LogStrings", "path": ["monitoring", "4e47ab1f", "stdout"], "values": [{"value": "\n", "step": null, "ts": 1680808269.8295314}]}, "version": 225}
{"obj": {"type": "LogStrings", "path": ["monitoring", "4e47ab1f", "stdout"], "values": [{"value": "loss: 0.872858  [   64/177160]", "step": null, "ts": 1680808269.8545287}]}, "version": 226}
{"obj": {"type": "LogStrings", "path": ["monitoring", "4e47ab1f", "stdout"], "values": [{"value": "\n", "step": null, "ts": 1680808269.8685317}]}, "version": 227}
{"obj": {"type": "LogStrings", "path": ["monitoring", "4e47ab1f", "stdout"], "values": [{"value": "Test Error: \n Avg loss: 0.451671 \n", "step": null, "ts": 1680808270.2145162}]}, "version": 228}
{"obj": {"type": "LogStrings", "path": ["monitoring", "4e47ab1f", "stdout"], "values": [{"value": "\n", "step": null, "ts": 1680808270.21697}]}, "version": 229}
{"obj": {"type": "LogStrings", "path": ["monitoring", "4e47ab1f", "stdout"], "values": [{"value": "Epoch 30\n-------------------------------", "step": null, "ts": 1680808270.219053}]}, "version": 230}
{"obj": {"type": "LogStrings", "path": ["monitoring", "4e47ab1f", "stdout"], "values": [{"value": "\n", "step": null, "ts": 1680808270.2376554}]}, "version": 231}
{"obj": {"type": "LogStrings", "path": ["monitoring", "4e47ab1f", "stdout"], "values": [{"value": "loss: 0.670227  [   64/177160]", "step": null, "ts": 1680808270.2445354}]}, "version": 232}
{"obj": {"type": "LogStrings", "path": ["monitoring", "4e47ab1f", "stdout"], "values": [{"value": "\n", "step": null, "ts": 1680808270.252532}]}, "version": 233}
{"obj": {"type": "LogStrings", "path": ["monitoring", "4e47ab1f", "stdout"], "values": [{"value": "Test Error: \n Avg loss: 0.451636 \n", "step": null, "ts": 1680808270.6407535}]}, "version": 234}
{"obj": {"type": "LogStrings", "path": ["monitoring", "4e47ab1f", "stdout"], "values": [{"value": "\n", "step": null, "ts": 1680808270.64328}]}, "version": 235}
{"obj": {"type": "LogStrings", "path": ["monitoring", "4e47ab1f", "stdout"], "values": [{"value": "Epoch 31\n-------------------------------", "step": null, "ts": 1680808270.6497247}]}, "version": 236}
{"obj": {"type": "LogStrings", "path": ["monitoring", "4e47ab1f", "stdout"], "values": [{"value": "\n", "step": null, "ts": 1680808270.6665368}]}, "version": 237}
{"obj": {"type": "LogStrings", "path": ["monitoring", "4e47ab1f", "stdout"], "values": [{"value": "loss: 0.397753  [   64/177160]", "step": null, "ts": 1680808270.6815367}]}, "version": 238}
{"obj": {"type": "LogStrings", "path": ["monitoring", "4e47ab1f", "stdout"], "values": [{"value": "\n", "step": null, "ts": 1680808270.6956477}]}, "version": 239}
{"obj": {"type": "LogStrings", "path": ["monitoring", "4e47ab1f", "stdout"], "values": [{"value": "Test Error: \n Avg loss: 0.451884 \n", "step": null, "ts": 1680808271.061089}]}, "version": 240}
{"obj": {"type": "LogStrings", "path": ["monitoring", "4e47ab1f", "stdout"], "values": [{"value": "\n", "step": null, "ts": 1680808271.063459}]}, "version": 241}
{"obj": {"type": "LogStrings", "path": ["monitoring", "4e47ab1f", "stdout"], "values": [{"value": "Epoch 32\n-------------------------------", "step": null, "ts": 1680808271.0827265}]}, "version": 242}
{"obj": {"type": "LogStrings", "path": ["monitoring", "4e47ab1f", "stdout"], "values": [{"value": "\n", "step": null, "ts": 1680808271.0895572}]}, "version": 243}
{"obj": {"type": "LogStrings", "path": ["monitoring", "4e47ab1f", "stdout"], "values": [{"value": "loss: 0.545479  [   64/177160]", "step": null, "ts": 1680808271.095532}]}, "version": 244}
{"obj": {"type": "LogStrings", "path": ["monitoring", "4e47ab1f", "stdout"], "values": [{"value": "\n", "step": null, "ts": 1680808271.1039402}]}, "version": 245}
{"obj": {"type": "LogStrings", "path": ["monitoring", "4e47ab1f", "stdout"], "values": [{"value": "Test Error: \n Avg loss: 0.451958 \n", "step": null, "ts": 1680808271.495291}]}, "version": 246}
{"obj": {"type": "LogStrings", "path": ["monitoring", "4e47ab1f", "stdout"], "values": [{"value": "\n", "step": null, "ts": 1680808271.497299}]}, "version": 247}
{"obj": {"type": "LogStrings", "path": ["monitoring", "4e47ab1f", "stdout"], "values": [{"value": "Epoch 33\n-------------------------------", "step": null, "ts": 1680808271.510408}]}, "version": 248}
{"obj": {"type": "LogStrings", "path": ["monitoring", "4e47ab1f", "stdout"], "values": [{"value": "\n", "step": null, "ts": 1680808271.583738}]}, "version": 249}
{"obj": {"type": "LogStrings", "path": ["monitoring", "4e47ab1f", "stdout"], "values": [{"value": "loss: 0.399398  [   64/177160]", "step": null, "ts": 1680808271.597739}]}, "version": 250}
{"obj": {"type": "LogStrings", "path": ["monitoring", "4e47ab1f", "stdout"], "values": [{"value": "\n", "step": null, "ts": 1680808271.6117234}]}, "version": 251}
{"obj": {"type": "LogStrings", "path": ["monitoring", "4e47ab1f", "stdout"], "values": [{"value": "Test Error: \n Avg loss: 0.452102 \n", "step": null, "ts": 1680808271.918699}]}, "version": 252}
{"obj": {"type": "LogStrings", "path": ["monitoring", "4e47ab1f", "stdout"], "values": [{"value": "\n", "step": null, "ts": 1680808271.920792}]}, "version": 253}
{"obj": {"type": "LogStrings", "path": ["monitoring", "4e47ab1f", "stdout"], "values": [{"value": "Epoch 34\n-------------------------------", "step": null, "ts": 1680808271.9235775}]}, "version": 254}
{"obj": {"type": "LogStrings", "path": ["monitoring", "4e47ab1f", "stdout"], "values": [{"value": "\n", "step": null, "ts": 1680808271.9323254}]}, "version": 255}
{"obj": {"type": "LogStrings", "path": ["monitoring", "4e47ab1f", "stdout"], "values": [{"value": "loss: 0.314793  [   64/177160]", "step": null, "ts": 1680808271.9926379}]}, "version": 256}
{"obj": {"type": "LogStrings", "path": ["monitoring", "4e47ab1f", "stdout"], "values": [{"value": "\n", "step": null, "ts": 1680808272.0176377}]}, "version": 257}
{"obj": {"type": "LogStrings", "path": ["monitoring", "4e47ab1f", "stdout"], "values": [{"value": "Test Error: \n Avg loss: 0.452217 \n", "step": null, "ts": 1680808272.3389156}]}, "version": 258}
{"obj": {"type": "LogStrings", "path": ["monitoring", "4e47ab1f", "stdout"], "values": [{"value": "\n", "step": null, "ts": 1680808272.341092}]}, "version": 259}
{"obj": {"type": "LogStrings", "path": ["monitoring", "4e47ab1f", "stdout"], "values": [{"value": "Epoch 35\n-------------------------------", "step": null, "ts": 1680808272.3439362}]}, "version": 260}
{"obj": {"type": "LogStrings", "path": ["monitoring", "4e47ab1f", "stdout"], "values": [{"value": "\n", "step": null, "ts": 1680808272.3715286}]}, "version": 261}
{"obj": {"type": "LogStrings", "path": ["monitoring", "4e47ab1f", "stdout"], "values": [{"value": "loss: 0.433700  [   64/177160]", "step": null, "ts": 1680808272.4196517}]}, "version": 262}
{"obj": {"type": "LogStrings", "path": ["monitoring", "4e47ab1f", "stdout"], "values": [{"value": "\n", "step": null, "ts": 1680808272.4419794}]}, "version": 263}
{"obj": {"type": "LogStrings", "path": ["monitoring", "4e47ab1f", "stdout"], "values": [{"value": "Test Error: \n Avg loss: 0.452559 \n", "step": null, "ts": 1680808272.7600243}]}, "version": 264}
{"obj": {"type": "LogStrings", "path": ["monitoring", "4e47ab1f", "stdout"], "values": [{"value": "\n", "step": null, "ts": 1680808272.7619581}]}, "version": 265}
{"obj": {"type": "LogStrings", "path": ["monitoring", "4e47ab1f", "stdout"], "values": [{"value": "Epoch 36\n-------------------------------", "step": null, "ts": 1680808272.7683294}]}, "version": 266}
{"obj": {"type": "LogStrings", "path": ["monitoring", "4e47ab1f", "stdout"], "values": [{"value": "\n", "step": null, "ts": 1680808272.7965274}]}, "version": 267}
{"obj": {"type": "LogStrings", "path": ["monitoring", "4e47ab1f", "stdout"], "values": [{"value": "loss: 0.564279  [   64/177160]", "step": null, "ts": 1680808272.8295243}]}, "version": 268}
{"obj": {"type": "LogStrings", "path": ["monitoring", "4e47ab1f", "stdout"], "values": [{"value": "\n", "step": null, "ts": 1680808272.8735232}]}, "version": 269}
{"obj": {"type": "LogFloats", "path": ["monitoring", "4e47ab1f", "cpu"], "values": [{"value": 28.0, "step": null, "ts": 1680808273.0466297}]}, "version": 270}
{"obj": {"type": "LogFloats", "path": ["monitoring", "4e47ab1f", "memory"], "values": [{"value": 91.76937484741211, "step": null, "ts": 1680808273.0466297}]}, "version": 271}
{"obj": {"type": "LogFloats", "path": ["monitoring", "4e47ab1f", "gpu"], "values": [{"value": 7.0, "step": null, "ts": 1680808273.0466297}]}, "version": 272}
{"obj": {"type": "LogFloats", "path": ["monitoring", "4e47ab1f", "gpu_memory"], "values": [{"value": 2.1727294921875, "step": null, "ts": 1680808273.0466297}]}, "version": 273}
{"obj": {"type": "LogStrings", "path": ["monitoring", "4e47ab1f", "stdout"], "values": [{"value": "Test Error: \n Avg loss: 0.452584 \n", "step": null, "ts": 1680808273.1838925}]}, "version": 274}
{"obj": {"type": "LogStrings", "path": ["monitoring", "4e47ab1f", "stdout"], "values": [{"value": "\n", "step": null, "ts": 1680808273.1859248}]}, "version": 275}
{"obj": {"type": "LogStrings", "path": ["monitoring", "4e47ab1f", "stdout"], "values": [{"value": "Epoch 37\n-------------------------------", "step": null, "ts": 1680808273.192536}]}, "version": 276}
{"obj": {"type": "LogStrings", "path": ["monitoring", "4e47ab1f", "stdout"], "values": [{"value": "\n", "step": null, "ts": 1680808273.209535}]}, "version": 277}
{"obj": {"type": "LogStrings", "path": ["monitoring", "4e47ab1f", "stdout"], "values": [{"value": "loss: 0.506486  [   64/177160]", "step": null, "ts": 1680808273.2295647}]}, "version": 278}
{"obj": {"type": "LogStrings", "path": ["monitoring", "4e47ab1f", "stdout"], "values": [{"value": "\n", "step": null, "ts": 1680808273.2685235}]}, "version": 279}
{"obj": {"type": "LogStrings", "path": ["monitoring", "4e47ab1f", "stdout"], "values": [{"value": "Test Error: \n Avg loss: 0.452653 \n", "step": null, "ts": 1680808273.6121018}]}, "version": 280}
{"obj": {"type": "LogStrings", "path": ["monitoring", "4e47ab1f", "stdout"], "values": [{"value": "\n", "step": null, "ts": 1680808273.614146}]}, "version": 281}
{"obj": {"type": "LogStrings", "path": ["monitoring", "4e47ab1f", "stdout"], "values": [{"value": "Epoch 38\n-------------------------------", "step": null, "ts": 1680808273.6207712}]}, "version": 282}
{"obj": {"type": "LogStrings", "path": ["monitoring", "4e47ab1f", "stdout"], "values": [{"value": "\n", "step": null, "ts": 1680808273.648539}]}, "version": 283}
{"obj": {"type": "LogStrings", "path": ["monitoring", "4e47ab1f", "stdout"], "values": [{"value": "loss: 0.324676  [   64/177160]", "step": null, "ts": 1680808273.6705418}]}, "version": 284}
{"obj": {"type": "LogStrings", "path": ["monitoring", "4e47ab1f", "stdout"], "values": [{"value": "\n", "step": null, "ts": 1680808273.6886578}]}, "version": 285}
{"obj": {"type": "LogStrings", "path": ["monitoring", "4e47ab1f", "stdout"], "values": [{"value": "Test Error: \n Avg loss: 0.452740 \n", "step": null, "ts": 1680808274.0407658}]}, "version": 286}
{"obj": {"type": "LogStrings", "path": ["monitoring", "4e47ab1f", "stdout"], "values": [{"value": "\n", "step": null, "ts": 1680808274.0427666}]}, "version": 287}
{"obj": {"type": "LogStrings", "path": ["monitoring", "4e47ab1f", "stdout"], "values": [{"value": "Epoch 39\n-------------------------------", "step": null, "ts": 1680808274.0555665}]}, "version": 288}
{"obj": {"type": "LogStrings", "path": ["monitoring", "4e47ab1f", "stdout"], "values": [{"value": "\n", "step": null, "ts": 1680808274.0715356}]}, "version": 289}
{"obj": {"type": "LogStrings", "path": ["monitoring", "4e47ab1f", "stdout"], "values": [{"value": "loss: 0.223425  [   64/177160]", "step": null, "ts": 1680808274.089524}]}, "version": 290}
{"obj": {"type": "LogStrings", "path": ["monitoring", "4e47ab1f", "stdout"], "values": [{"value": "\n", "step": null, "ts": 1680808274.1047413}]}, "version": 291}
{"obj": {"type": "LogStrings", "path": ["monitoring", "4e47ab1f", "stdout"], "values": [{"value": "Test Error: \n Avg loss: 0.452874 \n", "step": null, "ts": 1680808274.4656465}]}, "version": 292}
{"obj": {"type": "LogStrings", "path": ["monitoring", "4e47ab1f", "stdout"], "values": [{"value": "\n", "step": null, "ts": 1680808274.4679604}]}, "version": 293}
{"obj": {"type": "LogStrings", "path": ["monitoring", "4e47ab1f", "stdout"], "values": [{"value": "Epoch 40\n-------------------------------", "step": null, "ts": 1680808274.4747837}]}, "version": 294}
{"obj": {"type": "LogStrings", "path": ["monitoring", "4e47ab1f", "stdout"], "values": [{"value": "\n", "step": null, "ts": 1680808274.491535}]}, "version": 295}
{"obj": {"type": "LogStrings", "path": ["monitoring", "4e47ab1f", "stdout"], "values": [{"value": "loss: 0.378349  [   64/177160]", "step": null, "ts": 1680808274.5065331}]}, "version": 296}
{"obj": {"type": "LogStrings", "path": ["monitoring", "4e47ab1f", "stdout"], "values": [{"value": "\n", "step": null, "ts": 1680808274.5325222}]}, "version": 297}
{"obj": {"type": "LogStrings", "path": ["monitoring", "4e47ab1f", "stdout"], "values": [{"value": "Test Error: \n Avg loss: 0.452916 \n", "step": null, "ts": 1680808274.896663}]}, "version": 298}
{"obj": {"type": "LogStrings", "path": ["monitoring", "4e47ab1f", "stdout"], "values": [{"value": "\n", "step": null, "ts": 1680808274.898647}]}, "version": 299}
{"obj": {"type": "LogStrings", "path": ["monitoring", "4e47ab1f", "stdout"], "values": [{"value": "Epoch 41\n-------------------------------", "step": null, "ts": 1680808274.9115727}]}, "version": 300}
{"obj": {"type": "LogStrings", "path": ["monitoring", "4e47ab1f", "stdout"], "values": [{"value": "\n", "step": null, "ts": 1680808274.9275353}]}, "version": 301}
{"obj": {"type": "LogStrings", "path": ["monitoring", "4e47ab1f", "stdout"], "values": [{"value": "loss: 0.252767  [   64/177160]", "step": null, "ts": 1680808274.9755232}]}, "version": 302}
{"obj": {"type": "LogStrings", "path": ["monitoring", "4e47ab1f", "stdout"], "values": [{"value": "\n", "step": null, "ts": 1680808275.0115235}]}, "version": 303}
{"obj": {"type": "LogStrings", "path": ["monitoring", "4e47ab1f", "stdout"], "values": [{"value": "Test Error: \n Avg loss: 0.452997 \n", "step": null, "ts": 1680808275.3225412}]}, "version": 304}
{"obj": {"type": "LogStrings", "path": ["monitoring", "4e47ab1f", "stdout"], "values": [{"value": "\n", "step": null, "ts": 1680808275.3246095}]}, "version": 305}
{"obj": {"type": "LogStrings", "path": ["monitoring", "4e47ab1f", "stdout"], "values": [{"value": "Epoch 42\n-------------------------------", "step": null, "ts": 1680808275.3375223}]}, "version": 306}
{"obj": {"type": "LogStrings", "path": ["monitoring", "4e47ab1f", "stdout"], "values": [{"value": "\n", "step": null, "ts": 1680808275.3865292}]}, "version": 307}
{"obj": {"type": "LogStrings", "path": ["monitoring", "4e47ab1f", "stdout"], "values": [{"value": "loss: 0.292692  [   64/177160]", "step": null, "ts": 1680808275.4015331}]}, "version": 308}
{"obj": {"type": "LogStrings", "path": ["monitoring", "4e47ab1f", "stdout"], "values": [{"value": "\n", "step": null, "ts": 1680808275.4265249}]}, "version": 309}
{"obj": {"type": "LogStrings", "path": ["monitoring", "4e47ab1f", "stdout"], "values": [{"value": "Test Error: \n Avg loss: 0.453149 \n", "step": null, "ts": 1680808275.7473607}]}, "version": 310}
{"obj": {"type": "LogStrings", "path": ["monitoring", "4e47ab1f", "stdout"], "values": [{"value": "\n", "step": null, "ts": 1680808275.7496848}]}, "version": 311}
{"obj": {"type": "LogStrings", "path": ["monitoring", "4e47ab1f", "stdout"], "values": [{"value": "Epoch 43\n-------------------------------", "step": null, "ts": 1680808275.7564406}]}, "version": 312}
{"obj": {"type": "LogStrings", "path": ["monitoring", "4e47ab1f", "stdout"], "values": [{"value": "\n", "step": null, "ts": 1680808275.7626605}]}, "version": 313}
{"obj": {"type": "LogStrings", "path": ["monitoring", "4e47ab1f", "stdout"], "values": [{"value": "loss: 0.352327  [   64/177160]", "step": null, "ts": 1680808275.7735565}]}, "version": 314}
{"obj": {"type": "LogStrings", "path": ["monitoring", "4e47ab1f", "stdout"], "values": [{"value": "\n", "step": null, "ts": 1680808275.7825568}]}, "version": 315}
{"obj": {"type": "LogStrings", "path": ["monitoring", "4e47ab1f", "stdout"], "values": [{"value": "Test Error: \n Avg loss: 0.453274 \n", "step": null, "ts": 1680808276.1716208}]}, "version": 316}
{"obj": {"type": "LogStrings", "path": ["monitoring", "4e47ab1f", "stdout"], "values": [{"value": "\n", "step": null, "ts": 1680808276.17391}]}, "version": 317}
{"obj": {"type": "LogStrings", "path": ["monitoring", "4e47ab1f", "stdout"], "values": [{"value": "Epoch 44\n-------------------------------", "step": null, "ts": 1680808276.1810725}]}, "version": 318}
{"obj": {"type": "LogStrings", "path": ["monitoring", "4e47ab1f", "stdout"], "values": [{"value": "\n", "step": null, "ts": 1680808276.2095294}]}, "version": 319}
{"obj": {"type": "LogStrings", "path": ["monitoring", "4e47ab1f", "stdout"], "values": [{"value": "loss: 0.398361  [   64/177160]", "step": null, "ts": 1680808276.2556381}]}, "version": 320}
{"obj": {"type": "LogStrings", "path": ["monitoring", "4e47ab1f", "stdout"], "values": [{"value": "\n", "step": null, "ts": 1680808276.2805219}]}, "version": 321}
{"obj": {"type": "LogStrings", "path": ["monitoring", "4e47ab1f", "stdout"], "values": [{"value": "Test Error: \n Avg loss: 0.453199 \n", "step": null, "ts": 1680808276.5962663}]}, "version": 322}
{"obj": {"type": "LogStrings", "path": ["monitoring", "4e47ab1f", "stdout"], "values": [{"value": "\n", "step": null, "ts": 1680808276.5984545}]}, "version": 323}
{"obj": {"type": "LogStrings", "path": ["monitoring", "4e47ab1f", "stdout"], "values": [{"value": "Epoch 45\n-------------------------------", "step": null, "ts": 1680808276.6008444}]}, "version": 324}
{"obj": {"type": "LogStrings", "path": ["monitoring", "4e47ab1f", "stdout"], "values": [{"value": "\n", "step": null, "ts": 1680808276.6175334}]}, "version": 325}
{"obj": {"type": "LogStrings", "path": ["monitoring", "4e47ab1f", "stdout"], "values": [{"value": "loss: 0.381406  [   64/177160]", "step": null, "ts": 1680808276.6325395}]}, "version": 326}
{"obj": {"type": "LogStrings", "path": ["monitoring", "4e47ab1f", "stdout"], "values": [{"value": "\n", "step": null, "ts": 1680808276.654642}]}, "version": 327}
{"obj": {"type": "LogStrings", "path": ["monitoring", "4e47ab1f", "stdout"], "values": [{"value": "Test Error: \n Avg loss: 0.453220 \n", "step": null, "ts": 1680808277.0156717}]}, "version": 328}
{"obj": {"type": "LogStrings", "path": ["monitoring", "4e47ab1f", "stdout"], "values": [{"value": "\n", "step": null, "ts": 1680808277.017855}]}, "version": 329}
{"obj": {"type": "LogStrings", "path": ["monitoring", "4e47ab1f", "stdout"], "values": [{"value": "Epoch 46\n-------------------------------", "step": null, "ts": 1680808277.0204024}]}, "version": 330}
{"obj": {"type": "LogStrings", "path": ["monitoring", "4e47ab1f", "stdout"], "values": [{"value": "\n", "step": null, "ts": 1680808277.05171}]}, "version": 331}
{"obj": {"type": "LogStrings", "path": ["monitoring", "4e47ab1f", "stdout"], "values": [{"value": "loss: 0.703906  [   64/177160]", "step": null, "ts": 1680808277.0666585}]}, "version": 332}
{"obj": {"type": "LogStrings", "path": ["monitoring", "4e47ab1f", "stdout"], "values": [{"value": "\n", "step": null, "ts": 1680808277.092522}]}, "version": 333}
{"obj": {"type": "LogStrings", "path": ["monitoring", "4e47ab1f", "stdout"], "values": [{"value": "Test Error: \n Avg loss: 0.453100 \n", "step": null, "ts": 1680808277.4355621}]}, "version": 334}
{"obj": {"type": "LogStrings", "path": ["monitoring", "4e47ab1f", "stdout"], "values": [{"value": "\n", "step": null, "ts": 1680808277.4380443}]}, "version": 335}
{"obj": {"type": "LogStrings", "path": ["monitoring", "4e47ab1f", "stdout"], "values": [{"value": "Epoch 47\n-------------------------------", "step": null, "ts": 1680808277.4442198}]}, "version": 336}
{"obj": {"type": "LogStrings", "path": ["monitoring", "4e47ab1f", "stdout"], "values": [{"value": "\n", "step": null, "ts": 1680808277.4508379}]}, "version": 337}
{"obj": {"type": "LogStrings", "path": ["monitoring", "4e47ab1f", "stdout"], "values": [{"value": "loss: 0.486939  [   64/177160]", "step": null, "ts": 1680808277.5016332}]}, "version": 338}
{"obj": {"type": "LogStrings", "path": ["monitoring", "4e47ab1f", "stdout"], "values": [{"value": "\n", "step": null, "ts": 1680808277.5156422}]}, "version": 339}
{"obj": {"type": "LogStrings", "path": ["monitoring", "4e47ab1f", "stdout"], "values": [{"value": "Test Error: \n Avg loss: 0.452962 \n", "step": null, "ts": 1680808277.8607354}]}, "version": 340}
{"obj": {"type": "LogStrings", "path": ["monitoring", "4e47ab1f", "stdout"], "values": [{"value": "\n", "step": null, "ts": 1680808277.862865}]}, "version": 341}
{"obj": {"type": "LogStrings", "path": ["monitoring", "4e47ab1f", "stdout"], "values": [{"value": "Epoch 48\n-------------------------------", "step": null, "ts": 1680808277.8704116}]}, "version": 342}
{"obj": {"type": "LogStrings", "path": ["monitoring", "4e47ab1f", "stdout"], "values": [{"value": "\n", "step": null, "ts": 1680808277.8768406}]}, "version": 343}
{"obj": {"type": "LogStrings", "path": ["monitoring", "4e47ab1f", "stdout"], "values": [{"value": "loss: 0.572162  [   64/177160]", "step": null, "ts": 1680808277.9045262}]}, "version": 344}
{"obj": {"type": "LogStrings", "path": ["monitoring", "4e47ab1f", "stdout"], "values": [{"value": "\n", "step": null, "ts": 1680808277.919652}]}, "version": 345}
{"obj": {"type": "LogStrings", "path": ["monitoring", "4e47ab1f", "stdout"], "values": [{"value": "Test Error: \n Avg loss: 0.452953 \n", "step": null, "ts": 1680808278.287918}]}, "version": 346}
{"obj": {"type": "LogStrings", "path": ["monitoring", "4e47ab1f", "stdout"], "values": [{"value": "\n", "step": null, "ts": 1680808278.2899065}]}, "version": 347}
{"obj": {"type": "LogStrings", "path": ["monitoring", "4e47ab1f", "stdout"], "values": [{"value": "Epoch 49\n-------------------------------", "step": null, "ts": 1680808278.2975607}]}, "version": 348}
{"obj": {"type": "LogStrings", "path": ["monitoring", "4e47ab1f", "stdout"], "values": [{"value": "\n", "step": null, "ts": 1680808278.3365266}]}, "version": 349}
{"obj": {"type": "LogStrings", "path": ["monitoring", "4e47ab1f", "stdout"], "values": [{"value": "loss: 0.229926  [   64/177160]", "step": null, "ts": 1680808278.4065278}]}, "version": 350}
{"obj": {"type": "LogStrings", "path": ["monitoring", "4e47ab1f", "stdout"], "values": [{"value": "\n", "step": null, "ts": 1680808278.4315274}]}, "version": 351}
{"obj": {"type": "LogStrings", "path": ["monitoring", "4e47ab1f", "stdout"], "values": [{"value": "Test Error: \n Avg loss: 0.452777 \n", "step": null, "ts": 1680808278.7174041}]}, "version": 352}
{"obj": {"type": "LogStrings", "path": ["monitoring", "4e47ab1f", "stdout"], "values": [{"value": "\n", "step": null, "ts": 1680808278.7193153}]}, "version": 353}
{"obj": {"type": "LogStrings", "path": ["monitoring", "4e47ab1f", "stdout"], "values": [{"value": "Epoch 50\n-------------------------------", "step": null, "ts": 1680808278.7220619}]}, "version": 354}
{"obj": {"type": "LogStrings", "path": ["monitoring", "4e47ab1f", "stdout"], "values": [{"value": "\n", "step": null, "ts": 1680808278.739536}]}, "version": 355}
{"obj": {"type": "LogStrings", "path": ["monitoring", "4e47ab1f", "stdout"], "values": [{"value": "loss: 0.359196  [   64/177160]", "step": null, "ts": 1680808278.7457728}]}, "version": 356}
{"obj": {"type": "LogStrings", "path": ["monitoring", "4e47ab1f", "stdout"], "values": [{"value": "\n", "step": null, "ts": 1680808278.7545545}]}, "version": 357}
{"obj": {"type": "LogStrings", "path": ["monitoring", "4e47ab1f", "stdout"], "values": [{"value": "Test Error: \n Avg loss: 0.452674 \n", "step": null, "ts": 1680808279.136055}]}, "version": 358}
{"obj": {"type": "LogStrings", "path": ["monitoring", "4e47ab1f", "stdout"], "values": [{"value": "\n", "step": null, "ts": 1680808279.138216}]}, "version": 359}
{"obj": {"type": "LogStrings", "path": ["monitoring", "4e47ab1f", "stdout"], "values": [{"value": "Epoch 51\n-------------------------------", "step": null, "ts": 1680808279.1450055}]}, "version": 360}
{"obj": {"type": "LogStrings", "path": ["monitoring", "4e47ab1f", "stdout"], "values": [{"value": "\n", "step": null, "ts": 1680808279.1627557}]}, "version": 361}
{"obj": {"type": "LogStrings", "path": ["monitoring", "4e47ab1f", "stdout"], "values": [{"value": "loss: 0.499393  [   64/177160]", "step": null, "ts": 1680808279.1995287}]}, "version": 362}
{"obj": {"type": "LogStrings", "path": ["monitoring", "4e47ab1f", "stdout"], "values": [{"value": "\n", "step": null, "ts": 1680808279.2255206}]}, "version": 363}
{"obj": {"type": "LogStrings", "path": ["monitoring", "4e47ab1f", "stdout"], "values": [{"value": "Test Error: \n Avg loss: 0.452663 \n", "step": null, "ts": 1680808279.5680625}]}, "version": 364}
{"obj": {"type": "LogStrings", "path": ["monitoring", "4e47ab1f", "stdout"], "values": [{"value": "\n", "step": null, "ts": 1680808279.570014}]}, "version": 365}
{"obj": {"type": "LogStrings", "path": ["monitoring", "4e47ab1f", "stdout"], "values": [{"value": "Epoch 52\n-------------------------------", "step": null, "ts": 1680808279.5827029}]}, "version": 366}
{"obj": {"type": "LogStrings", "path": ["monitoring", "4e47ab1f", "stdout"], "values": [{"value": "\n", "step": null, "ts": 1680808279.6245208}]}, "version": 367}
{"obj": {"type": "LogStrings", "path": ["monitoring", "4e47ab1f", "stdout"], "values": [{"value": "loss: 0.302014  [   64/177160]", "step": null, "ts": 1680808279.6396484}]}, "version": 368}
{"obj": {"type": "LogStrings", "path": ["monitoring", "4e47ab1f", "stdout"], "values": [{"value": "\n", "step": null, "ts": 1680808279.6535265}]}, "version": 369}
{"obj": {"type": "LogStrings", "path": ["monitoring", "4e47ab1f", "stdout"], "values": [{"value": "Test Error: \n Avg loss: 0.452358 \n", "step": null, "ts": 1680808279.995871}]}, "version": 370}
{"obj": {"type": "LogStrings", "path": ["monitoring", "4e47ab1f", "stdout"], "values": [{"value": "\n", "step": null, "ts": 1680808279.997996}]}, "version": 371}
{"obj": {"type": "LogStrings", "path": ["monitoring", "4e47ab1f", "stdout"], "values": [{"value": "Epoch 53\n-------------------------------", "step": null, "ts": 1680808280.0047712}]}, "version": 372}
{"obj": {"type": "LogStrings", "path": ["monitoring", "4e47ab1f", "stdout"], "values": [{"value": "\n", "step": null, "ts": 1680808280.0225348}]}, "version": 373}
{"obj": {"type": "LogStrings", "path": ["monitoring", "4e47ab1f", "stdout"], "values": [{"value": "loss: 0.516873  [   64/177160]", "step": null, "ts": 1680808280.0375342}]}, "version": 374}
{"obj": {"type": "LogStrings", "path": ["monitoring", "4e47ab1f", "stdout"], "values": [{"value": "\n", "step": null, "ts": 1680808280.060333}]}, "version": 375}
{"obj": {"type": "LogStrings", "path": ["monitoring", "4e47ab1f", "stdout"], "values": [{"value": "Test Error: \n Avg loss: 0.452182 \n", "step": null, "ts": 1680808280.4275596}]}, "version": 376}
{"obj": {"type": "LogStrings", "path": ["monitoring", "4e47ab1f", "stdout"], "values": [{"value": "\n", "step": null, "ts": 1680808280.4299126}]}, "version": 377}
{"obj": {"type": "LogStrings", "path": ["monitoring", "4e47ab1f", "stdout"], "values": [{"value": "Epoch 54\n-------------------------------", "step": null, "ts": 1680808280.4366634}]}, "version": 378}
{"obj": {"type": "LogStrings", "path": ["monitoring", "4e47ab1f", "stdout"], "values": [{"value": "\n", "step": null, "ts": 1680808280.4715629}]}, "version": 379}
{"obj": {"type": "LogStrings", "path": ["monitoring", "4e47ab1f", "stdout"], "values": [{"value": "loss: 0.564970  [   64/177160]", "step": null, "ts": 1680808280.4818206}]}, "version": 380}
{"obj": {"type": "LogStrings", "path": ["monitoring", "4e47ab1f", "stdout"], "values": [{"value": "\n", "step": null, "ts": 1680808280.4866214}]}, "version": 381}
{"obj": {"type": "LogStrings", "path": ["monitoring", "4e47ab1f", "stdout"], "values": [{"value": "Test Error: \n Avg loss: 0.452263 \n", "step": null, "ts": 1680808280.8495338}]}, "version": 382}
{"obj": {"type": "LogStrings", "path": ["monitoring", "4e47ab1f", "stdout"], "values": [{"value": "\n", "step": null, "ts": 1680808280.8516853}]}, "version": 383}
{"obj": {"type": "LogStrings", "path": ["monitoring", "4e47ab1f", "stdout"], "values": [{"value": "Epoch 55\n-------------------------------", "step": null, "ts": 1680808280.8580894}]}, "version": 384}
{"obj": {"type": "LogStrings", "path": ["monitoring", "4e47ab1f", "stdout"], "values": [{"value": "\n", "step": null, "ts": 1680808280.8685405}]}, "version": 385}
{"obj": {"type": "LogStrings", "path": ["monitoring", "4e47ab1f", "stdout"], "values": [{"value": "loss: 0.748111  [   64/177160]", "step": null, "ts": 1680808280.8855326}]}, "version": 386}
{"obj": {"type": "LogStrings", "path": ["monitoring", "4e47ab1f", "stdout"], "values": [{"value": "\n", "step": null, "ts": 1680808280.9115272}]}, "version": 387}
{"obj": {"type": "LogStrings", "path": ["monitoring", "4e47ab1f", "stdout"], "values": [{"value": "Test Error: \n Avg loss: 0.451976 \n", "step": null, "ts": 1680808281.2718658}]}, "version": 388}
{"obj": {"type": "LogStrings", "path": ["monitoring", "4e47ab1f", "stdout"], "values": [{"value": "\n", "step": null, "ts": 1680808281.2738314}]}, "version": 389}
{"obj": {"type": "LogStrings", "path": ["monitoring", "4e47ab1f", "stdout"], "values": [{"value": "Epoch 56\n-------------------------------", "step": null, "ts": 1680808281.2805457}]}, "version": 390}
{"obj": {"type": "LogStrings", "path": ["monitoring", "4e47ab1f", "stdout"], "values": [{"value": "\n", "step": null, "ts": 1680808281.3085253}]}, "version": 391}
{"obj": {"type": "LogStrings", "path": ["monitoring", "4e47ab1f", "stdout"], "values": [{"value": "loss: 0.628895  [   64/177160]", "step": null, "ts": 1680808281.323529}]}, "version": 392}
{"obj": {"type": "LogStrings", "path": ["monitoring", "4e47ab1f", "stdout"], "values": [{"value": "\n", "step": null, "ts": 1680808281.3495216}]}, "version": 393}
{"obj": {"type": "LogStrings", "path": ["monitoring", "4e47ab1f", "stdout"], "values": [{"value": "Test Error: \n Avg loss: 0.451876 \n", "step": null, "ts": 1680808281.7011244}]}, "version": 394}
{"obj": {"type": "LogStrings", "path": ["monitoring", "4e47ab1f", "stdout"], "values": [{"value": "\n", "step": null, "ts": 1680808281.7032075}]}, "version": 395}
{"obj": {"type": "LogStrings", "path": ["monitoring", "4e47ab1f", "stdout"], "values": [{"value": "Epoch 57\n-------------------------------", "step": null, "ts": 1680808281.7157936}]}, "version": 396}
{"obj": {"type": "LogStrings", "path": ["monitoring", "4e47ab1f", "stdout"], "values": [{"value": "\n", "step": null, "ts": 1680808281.7336652}]}, "version": 397}
{"obj": {"type": "LogStrings", "path": ["monitoring", "4e47ab1f", "stdout"], "values": [{"value": "loss: 0.626166  [   64/177160]", "step": null, "ts": 1680808281.7454987}]}, "version": 398}
{"obj": {"type": "LogStrings", "path": ["monitoring", "4e47ab1f", "stdout"], "values": [{"value": "\n", "step": null, "ts": 1680808281.7595375}]}, "version": 399}
{"obj": {"type": "LogStrings", "path": ["monitoring", "4e47ab1f", "stdout"], "values": [{"value": "Test Error: \n Avg loss: 0.451597 \n", "step": null, "ts": 1680808282.122986}]}, "version": 400}
{"obj": {"type": "LogStrings", "path": ["monitoring", "4e47ab1f", "stdout"], "values": [{"value": "\n", "step": null, "ts": 1680808282.1248639}]}, "version": 401}
{"obj": {"type": "LogStrings", "path": ["monitoring", "4e47ab1f", "stdout"], "values": [{"value": "Early stopping invoked....", "step": null, "ts": 1680808282.128263}]}, "version": 402}
{"obj": {"type": "LogStrings", "path": ["monitoring", "4e47ab1f", "stdout"], "values": [{"value": "\n", "step": null, "ts": 1680808282.1301227}]}, "version": 403}
{"obj": {"type": "LogStrings", "path": ["monitoring", "4e47ab1f", "stdout"], "values": [{"value": "Shutting down background jobs, please wait a moment...\n", "step": null, "ts": 1680808282.1320655}]}, "version": 404}
{"obj": {"type": "LogStrings", "path": ["monitoring", "4e47ab1f", "stdout"], "values": [{"value": "Done!\n", "step": null, "ts": 1680808282.2416725}]}, "version": 405}
{"obj": {"type": "LogStrings", "path": ["monitoring", "4e47ab1f", "stdout"], "values": [{"value": "Waiting for the remaining 55 operations to synchronize with Neptune. Do not kill this process.\n", "step": null, "ts": 1680808282.2458425}]}, "version": 406}
{"obj": {"type": "LogStrings", "path": ["monitoring", "4e47ab1f", "stdout"], "values": [{"value": "All 55 operations synced, thanks for waiting!\n", "step": null, "ts": 1680808282.4449046}]}, "version": 407}
{"obj": {"type": "LogStrings", "path": ["monitoring", "4e47ab1f", "stdout"], "values": [{"value": "Explore the metadata in the Neptune app:\n", "step": null, "ts": 1680808282.4593856}]}, "version": 408}
{"obj": {"type": "LogStrings", "path": ["monitoring", "4e47ab1f", "stdout"], "values": [{"value": "https://new-ui.neptune.ai/jettinger35/predictScalp/e/PRED-18/metadata\n", "step": null, "ts": 1680808282.461822}]}, "version": 409}
{"obj": {"type": "LogStrings", "path": ["monitoring", "4e47ab1f", "stdout"], "values": [{"value": "Done!", "step": null, "ts": 1680808282.4640102}]}, "version": 410}
{"obj": {"type": "LogStrings", "path": ["monitoring", "4e47ab1f", "stdout"], "values": [{"value": "\n", "step": null, "ts": 1680808282.4658802}]}, "version": 411}
{"obj": {"type": "LogFloats", "path": ["monitoring", "4e47ab1f", "cpu"], "values": [{"value": 21.2, "step": null, "ts": 1680808283.0582528}]}, "version": 412}
{"obj": {"type": "LogFloats", "path": ["monitoring", "4e47ab1f", "memory"], "values": [{"value": 91.76777267456055, "step": null, "ts": 1680808283.0582528}]}, "version": 413}
{"obj": {"type": "LogFloats", "path": ["monitoring", "4e47ab1f", "gpu"], "values": [{"value": 7.0, "step": null, "ts": 1680808283.0582528}]}, "version": 414}
{"obj": {"type": "LogFloats", "path": ["monitoring", "4e47ab1f", "gpu_memory"], "values": [{"value": 2.1727294921875, "step": null, "ts": 1680808283.0582528}]}, "version": 415}
{"obj": {"type": "LogFloats", "path": ["monitoring", "4e47ab1f", "memory"], "values": [{"value": 91.7667007446289, "step": null, "ts": 1680808293.0727582}]}, "version": 416}
{"obj": {"type": "LogFloats", "path": ["monitoring", "4e47ab1f", "gpu_memory"], "values": [{"value": 2.1727294921875, "step": null, "ts": 1680808293.0727582}]}, "version": 417}
{"obj": {"type": "LogFloats", "path": ["monitoring", "4e47ab1f", "memory"], "values": [{"value": 91.76680755615234, "step": null, "ts": 1680808303.0793593}]}, "version": 418}
{"obj": {"type": "LogFloats", "path": ["monitoring", "4e47ab1f", "gpu_memory"], "values": [{"value": 2.1727294921875, "step": null, "ts": 1680808303.0793593}]}, "version": 419}
{"obj": {"type": "LogFloats", "path": ["monitoring", "4e47ab1f", "memory"], "values": [{"value": 91.76671981811523, "step": null, "ts": 1680808313.086247}]}, "version": 420}
{"obj": {"type": "LogFloats", "path": ["monitoring", "4e47ab1f", "gpu_memory"], "values": [{"value": 2.1727294921875, "step": null, "ts": 1680808313.086247}]}, "version": 421}
{"obj": {"type": "LogFloats", "path": ["monitoring", "4e47ab1f", "memory"], "values": [{"value": 91.76660537719727, "step": null, "ts": 1680808323.094932}]}, "version": 422}
{"obj": {"type": "LogFloats", "path": ["monitoring", "4e47ab1f", "gpu_memory"], "values": [{"value": 2.1727294921875, "step": null, "ts": 1680808323.094932}]}, "version": 423}
{"obj": {"type": "LogFloats", "path": ["monitoring", "4e47ab1f", "memory"], "values": [{"value": 91.76649475097656, "step": null, "ts": 1680808333.101605}]}, "version": 424}
{"obj": {"type": "LogFloats", "path": ["monitoring", "4e47ab1f", "gpu_memory"], "values": [{"value": 2.1727294921875, "step": null, "ts": 1680808333.101605}]}, "version": 425}
{"obj": {"type": "LogFloats", "path": ["monitoring", "4e47ab1f", "cpu"], "values": [{"value": 2.4, "step": null, "ts": 1680808343.1078708}]}, "version": 426}
{"obj": {"type": "LogFloats", "path": ["monitoring", "4e47ab1f", "memory"], "values": [{"value": 91.80684280395508, "step": null, "ts": 1680808343.1078708}]}, "version": 427}
{"obj": {"type": "LogFloats", "path": ["monitoring", "4e47ab1f", "gpu_memory"], "values": [{"value": 2.1727294921875, "step": null, "ts": 1680808343.1078708}]}, "version": 428}
{"obj": {"type": "LogFloats", "path": ["monitoring", "4e47ab1f", "cpu"], "values": [{"value": 1.1, "step": null, "ts": 1680808353.1174338}]}, "version": 429}
{"obj": {"type": "LogFloats", "path": ["monitoring", "4e47ab1f", "memory"], "values": [{"value": 91.82938003540039, "step": null, "ts": 1680808353.1174338}]}, "version": 430}
{"obj": {"type": "LogFloats", "path": ["monitoring", "4e47ab1f", "gpu_memory"], "values": [{"value": 2.1727294921875, "step": null, "ts": 1680808353.1174338}]}, "version": 431}
{"obj": {"type": "LogFloats", "path": ["monitoring", "4e47ab1f", "memory"], "values": [{"value": 91.83440399169922, "step": null, "ts": 1680808363.1252663}]}, "version": 432}
{"obj": {"type": "LogFloats", "path": ["monitoring", "4e47ab1f", "gpu_memory"], "values": [{"value": 2.1727294921875, "step": null, "ts": 1680808363.1252663}]}, "version": 433}
{"obj": {"type": "LogFloats", "path": ["monitoring", "4e47ab1f", "cpu"], "values": [{"value": 0.8, "step": null, "ts": 1680808373.1313164}]}, "version": 434}
{"obj": {"type": "LogFloats", "path": ["monitoring", "4e47ab1f", "memory"], "values": [{"value": 91.83383560180664, "step": null, "ts": 1680808373.1313164}]}, "version": 435}
{"obj": {"type": "LogFloats", "path": ["monitoring", "4e47ab1f", "gpu_memory"], "values": [{"value": 2.1727294921875, "step": null, "ts": 1680808373.1313164}]}, "version": 436}
{"obj": {"type": "LogFloats", "path": ["monitoring", "4e47ab1f", "memory"], "values": [{"value": 91.83383560180664, "step": null, "ts": 1680808383.1396787}]}, "version": 437}
{"obj": {"type": "LogFloats", "path": ["monitoring", "4e47ab1f", "gpu_memory"], "values": [{"value": 2.1727294921875, "step": null, "ts": 1680808383.1396787}]}, "version": 438}
{"obj": {"type": "LogFloats", "path": ["monitoring", "4e47ab1f", "cpu"], "values": [{"value": 0.2, "step": null, "ts": 1680808393.1467097}]}, "version": 439}
{"obj": {"type": "LogFloats", "path": ["monitoring", "4e47ab1f", "memory"], "values": [{"value": 91.83593368530273, "step": null, "ts": 1680808393.1467097}]}, "version": 440}
{"obj": {"type": "LogFloats", "path": ["monitoring", "4e47ab1f", "gpu_memory"], "values": [{"value": 2.1727294921875, "step": null, "ts": 1680808393.1467097}]}, "version": 441}
{"obj": {"type": "LogFloats", "path": ["monitoring", "4e47ab1f", "memory"], "values": [{"value": 91.83582305908203, "step": null, "ts": 1680808403.155323}]}, "version": 442}
{"obj": {"type": "LogFloats", "path": ["monitoring", "4e47ab1f", "gpu_memory"], "values": [{"value": 2.1727294921875, "step": null, "ts": 1680808403.155323}]}, "version": 443}
{"obj": {"type": "LogFloats", "path": ["monitoring", "4e47ab1f", "memory"], "values": [{"value": 91.83557891845703, "step": null, "ts": 1680808413.1621532}]}, "version": 444}
{"obj": {"type": "LogFloats", "path": ["monitoring", "4e47ab1f", "gpu_memory"], "values": [{"value": 2.1727294921875, "step": null, "ts": 1680808413.1621532}]}, "version": 445}
{"obj": {"type": "LogFloats", "path": ["monitoring", "4e47ab1f", "memory"], "values": [{"value": 91.83544158935547, "step": null, "ts": 1680808423.169975}]}, "version": 446}
{"obj": {"type": "LogFloats", "path": ["monitoring", "4e47ab1f", "gpu_memory"], "values": [{"value": 2.1727294921875, "step": null, "ts": 1680808423.169975}]}, "version": 447}
{"obj": {"type": "LogFloats", "path": ["monitoring", "4e47ab1f", "memory"], "values": [{"value": 91.83538436889648, "step": null, "ts": 1680808433.1764085}]}, "version": 448}
{"obj": {"type": "LogFloats", "path": ["monitoring", "4e47ab1f", "gpu_memory"], "values": [{"value": 2.1727294921875, "step": null, "ts": 1680808433.1764085}]}, "version": 449}
{"obj": {"type": "LogFloats", "path": ["monitoring", "4e47ab1f", "memory"], "values": [{"value": 91.83482360839844, "step": null, "ts": 1680808443.1843014}]}, "version": 450}
{"obj": {"type": "LogFloats", "path": ["monitoring", "4e47ab1f", "gpu_memory"], "values": [{"value": 2.1727294921875, "step": null, "ts": 1680808443.1843014}]}, "version": 451}
{"obj": {"type": "LogFloats", "path": ["monitoring", "4e47ab1f", "cpu"], "values": [{"value": 0.1, "step": null, "ts": 1680808453.1912339}]}, "version": 452}
{"obj": {"type": "LogFloats", "path": ["monitoring", "4e47ab1f", "memory"], "values": [{"value": 91.83462142944336, "step": null, "ts": 1680808453.1912339}]}, "version": 453}
{"obj": {"type": "LogFloats", "path": ["monitoring", "4e47ab1f", "gpu_memory"], "values": [{"value": 2.1727294921875, "step": null, "ts": 1680808453.1912339}]}, "version": 454}
{"obj": {"type": "LogFloats", "path": ["monitoring", "4e47ab1f", "memory"], "values": [{"value": 91.83430099487305, "step": null, "ts": 1680808463.200833}]}, "version": 455}
{"obj": {"type": "LogFloats", "path": ["monitoring", "4e47ab1f", "gpu_memory"], "values": [{"value": 2.1727294921875, "step": null, "ts": 1680808463.200833}]}, "version": 456}
{"obj": {"type": "LogFloats", "path": ["monitoring", "4e47ab1f", "memory"], "values": [{"value": 91.83463668823242, "step": null, "ts": 1680808473.2094436}]}, "version": 457}
{"obj": {"type": "LogFloats", "path": ["monitoring", "4e47ab1f", "gpu_memory"], "values": [{"value": 2.1727294921875, "step": null, "ts": 1680808473.2094436}]}, "version": 458}
{"obj": {"type": "LogFloats", "path": ["monitoring", "4e47ab1f", "memory"], "values": [{"value": 91.83812713623047, "step": null, "ts": 1680808483.215763}]}, "version": 459}
{"obj": {"type": "LogFloats", "path": ["monitoring", "4e47ab1f", "gpu_memory"], "values": [{"value": 2.1727294921875, "step": null, "ts": 1680808483.215763}]}, "version": 460}
{"obj": {"type": "LogFloats", "path": ["monitoring", "4e47ab1f", "memory"], "values": [{"value": 91.83834838867188, "step": null, "ts": 1680808493.2226222}]}, "version": 461}
{"obj": {"type": "LogFloats", "path": ["monitoring", "4e47ab1f", "gpu_memory"], "values": [{"value": 2.1727294921875, "step": null, "ts": 1680808493.2226222}]}, "version": 462}
{"obj": {"type": "LogFloats", "path": ["monitoring", "4e47ab1f", "memory"], "values": [{"value": 91.83819580078125, "step": null, "ts": 1680808503.2317052}]}, "version": 463}
{"obj": {"type": "LogFloats", "path": ["monitoring", "4e47ab1f", "gpu_memory"], "values": [{"value": 2.1727294921875, "step": null, "ts": 1680808503.2317052}]}, "version": 464}
{"obj": {"type": "LogFloats", "path": ["monitoring", "4e47ab1f", "memory"], "values": [{"value": 91.83771133422852, "step": null, "ts": 1680808513.238476}]}, "version": 465}
{"obj": {"type": "LogFloats", "path": ["monitoring", "4e47ab1f", "gpu_memory"], "values": [{"value": 2.1727294921875, "step": null, "ts": 1680808513.238476}]}, "version": 466}
{"obj": {"type": "LogFloats", "path": ["monitoring", "4e47ab1f", "memory"], "values": [{"value": 91.83759307861328, "step": null, "ts": 1680808523.2451813}]}, "version": 467}
{"obj": {"type": "LogFloats", "path": ["monitoring", "4e47ab1f", "gpu_memory"], "values": [{"value": 2.1727294921875, "step": null, "ts": 1680808523.2451813}]}, "version": 468}
{"obj": {"type": "LogFloats", "path": ["monitoring", "4e47ab1f", "memory"], "values": [{"value": 91.837890625, "step": null, "ts": 1680808533.2519433}]}, "version": 469}
{"obj": {"type": "LogFloats", "path": ["monitoring", "4e47ab1f", "gpu_memory"], "values": [{"value": 2.1727294921875, "step": null, "ts": 1680808533.2519433}]}, "version": 470}
{"obj": {"type": "LogFloats", "path": ["monitoring", "4e47ab1f", "memory"], "values": [{"value": 91.8372573852539, "step": null, "ts": 1680808543.2581453}]}, "version": 471}
{"obj": {"type": "LogFloats", "path": ["monitoring", "4e47ab1f", "gpu_memory"], "values": [{"value": 2.1727294921875, "step": null, "ts": 1680808543.2581453}]}, "version": 472}
{"obj": {"type": "LogFloats", "path": ["monitoring", "4e47ab1f", "memory"], "values": [{"value": 91.83732223510742, "step": null, "ts": 1680808553.2642722}]}, "version": 473}
{"obj": {"type": "LogFloats", "path": ["monitoring", "4e47ab1f", "gpu_memory"], "values": [{"value": 2.1727294921875, "step": null, "ts": 1680808553.2642722}]}, "version": 474}
{"obj": {"type": "LogFloats", "path": ["monitoring", "4e47ab1f", "memory"], "values": [{"value": 91.83762741088867, "step": null, "ts": 1680808563.2702487}]}, "version": 475}
{"obj": {"type": "LogFloats", "path": ["monitoring", "4e47ab1f", "gpu_memory"], "values": [{"value": 2.1727294921875, "step": null, "ts": 1680808563.2702487}]}, "version": 476}
{"obj": {"type": "LogFloats", "path": ["monitoring", "4e47ab1f", "memory"], "values": [{"value": 91.83709335327148, "step": null, "ts": 1680808573.2766182}]}, "version": 477}
{"obj": {"type": "LogFloats", "path": ["monitoring", "4e47ab1f", "gpu_memory"], "values": [{"value": 2.1727294921875, "step": null, "ts": 1680808573.2766182}]}, "version": 478}
{"obj": {"type": "LogFloats", "path": ["monitoring", "4e47ab1f", "memory"], "values": [{"value": 91.8368911743164, "step": null, "ts": 1680808583.2831347}]}, "version": 479}
{"obj": {"type": "LogFloats", "path": ["monitoring", "4e47ab1f", "gpu_memory"], "values": [{"value": 2.1727294921875, "step": null, "ts": 1680808583.2831347}]}, "version": 480}
{"obj": {"type": "LogFloats", "path": ["monitoring", "4e47ab1f", "memory"], "values": [{"value": 91.8364372253418, "step": null, "ts": 1680808593.289599}]}, "version": 481}
{"obj": {"type": "LogFloats", "path": ["monitoring", "4e47ab1f", "gpu_memory"], "values": [{"value": 2.1727294921875, "step": null, "ts": 1680808593.289599}]}, "version": 482}
{"obj": {"type": "LogFloats", "path": ["monitoring", "4e47ab1f", "memory"], "values": [{"value": 91.83686447143555, "step": null, "ts": 1680808603.2957835}]}, "version": 483}
{"obj": {"type": "LogFloats", "path": ["monitoring", "4e47ab1f", "gpu_memory"], "values": [{"value": 2.1727294921875, "step": null, "ts": 1680808603.2957835}]}, "version": 484}
{"obj": {"type": "LogFloats", "path": ["monitoring", "4e47ab1f", "memory"], "values": [{"value": 91.83660125732422, "step": null, "ts": 1680808613.3023207}]}, "version": 485}
{"obj": {"type": "LogFloats", "path": ["monitoring", "4e47ab1f", "gpu_memory"], "values": [{"value": 2.1727294921875, "step": null, "ts": 1680808613.3023207}]}, "version": 486}
{"obj": {"type": "LogFloats", "path": ["monitoring", "4e47ab1f", "memory"], "values": [{"value": 91.83648300170898, "step": null, "ts": 1680808623.3091717}]}, "version": 487}
{"obj": {"type": "LogFloats", "path": ["monitoring", "4e47ab1f", "gpu_memory"], "values": [{"value": 2.1727294921875, "step": null, "ts": 1680808623.3091717}]}, "version": 488}
{"obj": {"type": "LogFloats", "path": ["monitoring", "4e47ab1f", "memory"], "values": [{"value": 91.83698272705078, "step": null, "ts": 1680808633.3156297}]}, "version": 489}
{"obj": {"type": "LogFloats", "path": ["monitoring", "4e47ab1f", "gpu_memory"], "values": [{"value": 2.1727294921875, "step": null, "ts": 1680808633.3156297}]}, "version": 490}
{"obj": {"type": "LogFloats", "path": ["monitoring", "4e47ab1f", "memory"], "values": [{"value": 91.83600616455078, "step": null, "ts": 1680808643.3213177}]}, "version": 491}
{"obj": {"type": "LogFloats", "path": ["monitoring", "4e47ab1f", "gpu_memory"], "values": [{"value": 2.1727294921875, "step": null, "ts": 1680808643.3213177}]}, "version": 492}
{"obj": {"type": "LogFloats", "path": ["monitoring", "4e47ab1f", "memory"], "values": [{"value": 91.8363151550293, "step": null, "ts": 1680808653.3275962}]}, "version": 493}
{"obj": {"type": "LogFloats", "path": ["monitoring", "4e47ab1f", "gpu_memory"], "values": [{"value": 2.1727294921875, "step": null, "ts": 1680808653.3275962}]}, "version": 494}
