{"obj": {"type": "AssignString", "path": ["sys", "description"], "value": ""}, "version": 1, "at": 1744565461.5852456}
{"obj": {"type": "AssignString", "path": ["monitoring", "fe367165", "hostname"], "value": "c0308a-s33.ufhpc"}, "version": 2, "at": 1744565461.5865717}
{"obj": {"type": "AssignString", "path": ["sys", "hostname"], "value": "c0308a-s33.ufhpc"}, "version": 3, "at": 1744565461.5876017}
{"obj": {"type": "AssignString", "path": ["monitoring", "fe367165", "pid"], "value": "1789169"}, "version": 4, "at": 1744565461.5885801}
{"obj": {"type": "AssignString", "path": ["monitoring", "fe367165", "tid"], "value": "22671472297792"}, "version": 5, "at": 1744565461.5895212}
{"obj": {"type": "AssignBool", "path": ["sys", "failed"], "value": false}, "version": 6, "at": 1744565461.590441}
{"obj": {"type": "AssignString", "path": ["source_code", "integrations", "neptune-pytorch"], "value": "2.0.0"}, "version": 7, "at": 1744565461.596638}
{"obj": {"type": "LogFloats", "path": ["training", "train", "log_loss"], "values": [{"value": 3.2223037045663747, "step": null, "ts": 1744565475.4113214}]}, "version": 8, "at": 1744565475.4113634}
{"obj": {"type": "LogFloats", "path": ["training", "train", "log_loss"], "values": [{"value": 3.2309889768737032, "step": null, "ts": 1744565481.481045}]}, "version": 9, "at": 1744565481.4810898}
{"obj": {"type": "LogFloats", "path": ["training", "train", "log_loss"], "values": [{"value": 3.2393626943835017, "step": null, "ts": 1744565487.3609328}]}, "version": 10, "at": 1744565487.3609812}
{"obj": {"type": "LogFloats", "path": ["training", "train", "log_loss"], "values": [{"value": 3.2280188515055555, "step": null, "ts": 1744565493.413486}]}, "version": 11, "at": 1744565493.4135292}
{"obj": {"type": "LogFloats", "path": ["training", "train", "log_loss"], "values": [{"value": 3.19587599448777, "step": null, "ts": 1744565499.5444932}]}, "version": 12, "at": 1744565499.544546}
{"obj": {"type": "LogFloats", "path": ["training", "train", "log_loss"], "values": [{"value": 3.166371132586431, "step": null, "ts": 1744565505.5122073}]}, "version": 13, "at": 1744565505.51225}
{"obj": {"type": "LogFloats", "path": ["training", "train", "log_loss"], "values": [{"value": 3.143809670039772, "step": null, "ts": 1744565511.619022}]}, "version": 14, "at": 1744565511.619067}
{"obj": {"type": "LogFloats", "path": ["training", "train", "log_loss"], "values": [{"value": 3.103310729526667, "step": null, "ts": 1744565517.547165}]}, "version": 15, "at": 1744565517.5472074}
{"obj": {"type": "LogFloats", "path": ["training", "train", "log_loss"], "values": [{"value": 3.085860220658434, "step": null, "ts": 1744565523.5102513}]}, "version": 16, "at": 1744565523.5102925}
{"obj": {"type": "LogFloats", "path": ["training", "train", "log_loss"], "values": [{"value": 3.0671735713855117, "step": null, "ts": 1744565529.5869489}]}, "version": 17, "at": 1744565529.5869896}
{"obj": {"type": "LogFloats", "path": ["training", "train", "log_loss"], "values": [{"value": 3.0728418472637085, "step": null, "ts": 1744565535.6797407}]}, "version": 18, "at": 1744565535.6797833}
{"obj": {"type": "LogFloats", "path": ["training", "train", "log_loss"], "values": [{"value": 3.086728710156391, "step": null, "ts": 1744565541.6322854}]}, "version": 19, "at": 1744565541.6323266}
{"obj": {"type": "LogFloats", "path": ["training", "train", "log_loss"], "values": [{"value": 3.119898835311637, "step": null, "ts": 1744565547.6030366}]}, "version": 20, "at": 1744565547.6030786}
{"obj": {"type": "LogFloats", "path": ["training", "train", "log_loss"], "values": [{"value": 3.117363114730415, "step": null, "ts": 1744565553.6901798}]}, "version": 21, "at": 1744565553.6902199}
{"obj": {"type": "LogFloats", "path": ["training", "train", "log_loss"], "values": [{"value": 3.1233632548944255, "step": null, "ts": 1744565559.7384386}]}, "version": 22, "at": 1744565559.7384791}
{"obj": {"type": "LogFloats", "path": ["training", "train", "log_loss"], "values": [{"value": 3.1015289333296963, "step": null, "ts": 1744565565.6780684}]}, "version": 23, "at": 1744565565.6781094}
{"obj": {"type": "LogFloats", "path": ["training", "train", "log_loss"], "values": [{"value": 3.1109626493765696, "step": null, "ts": 1744565571.8106093}]}, "version": 24, "at": 1744565571.8106525}
{"obj": {"type": "LogFloats", "path": ["training", "train", "log_loss"], "values": [{"value": 3.109973838486614, "step": null, "ts": 1744565577.7688751}]}, "version": 25, "at": 1744565577.768917}
{"obj": {"type": "LogFloats", "path": ["training", "train", "log_loss"], "values": [{"value": 3.092559205229477, "step": null, "ts": 1744565583.7377946}]}, "version": 26, "at": 1744565583.7378361}
{"obj": {"type": "LogFloats", "path": ["training", "train", "log_loss"], "values": [{"value": 3.0980802815390343, "step": null, "ts": 1744565589.7932405}]}, "version": 27, "at": 1744565589.7932796}
{"obj": {"type": "LogFloats", "path": ["training", "train", "log_loss"], "values": [{"value": 3.1029568858933363, "step": null, "ts": 1744565595.9283683}]}, "version": 28, "at": 1744565595.9284089}
{"obj": {"type": "LogFloats", "path": ["training", "train", "log_loss"], "values": [{"value": 3.170853397987037, "step": null, "ts": 1744565601.8530312}]}, "version": 29, "at": 1744565601.8530693}
{"obj": {"type": "LogFloats", "path": ["training", "train", "log_loss"], "values": [{"value": 3.1606214719971835, "step": null, "ts": 1744565607.9491415}]}, "version": 30, "at": 1744565607.949181}
{"obj": {"type": "LogFloats", "path": ["training", "train", "log_loss"], "values": [{"value": 3.1466964516009783, "step": null, "ts": 1744565613.8496304}]}, "version": 31, "at": 1744565613.84967}
