{"obj": {"type": "AssignString", "path": ["sys", "name"], "value": "Untitled"}, "version": 1}
{"obj": {"type": "AssignString", "path": ["sys", "description"], "value": ""}, "version": 2}
{"obj": {"type": "AssignString", "path": ["monitoring", "036bf6c5", "hostname"], "value": "c39a-s5.ufhpc"}, "version": 3}
{"obj": {"type": "AssignString", "path": ["sys", "hostname"], "value": "c39a-s5.ufhpc"}, "version": 4}
{"obj": {"type": "AssignString", "path": ["monitoring", "036bf6c5", "pid"], "value": "14227"}, "version": 5}
{"obj": {"type": "AssignString", "path": ["monitoring", "036bf6c5", "tid"], "value": "47012761825024"}, "version": 6}
{"obj": {"type": "AssignBool", "path": ["sys", "failed"], "value": false}, "version": 7}
{"obj": {"type": "ClearStringLog", "path": ["monitoring", "036bf6c5", "stdout"]}, "version": 8}
{"obj": {"type": "ClearStringLog", "path": ["monitoring", "036bf6c5", "stderr"]}, "version": 9}
{"obj": {"type": "ConfigFloatSeries", "path": ["monitoring", "036bf6c5", "cpu"], "min": 0.0, "max": 100.0, "unit": "%"}, "version": 10}
{"obj": {"type": "ClearFloatLog", "path": ["monitoring", "036bf6c5", "cpu"]}, "version": 11}
{"obj": {"type": "ConfigFloatSeries", "path": ["monitoring", "036bf6c5", "memory"], "min": 0.0, "max": 188.4446792602539, "unit": "GB"}, "version": 12}
{"obj": {"type": "ClearFloatLog", "path": ["monitoring", "036bf6c5", "memory"]}, "version": 13}
{"obj": {"type": "ConfigFloatSeries", "path": ["monitoring", "036bf6c5", "gpu"], "min": 0.0, "max": 100.0, "unit": "%"}, "version": 14}
{"obj": {"type": "ClearFloatLog", "path": ["monitoring", "036bf6c5", "gpu"]}, "version": 15}
{"obj": {"type": "ConfigFloatSeries", "path": ["monitoring", "036bf6c5", "gpu_memory"], "min": 0.0, "max": 10.76116943359375, "unit": "GB"}, "version": 16}
{"obj": {"type": "ClearFloatLog", "path": ["monitoring", "036bf6c5", "gpu_memory"]}, "version": 17}
{"obj": {"type": "AssignInt", "path": ["parameters", "batch_size"], "value": 1024}, "version": 18}
{"obj": {"type": "AssignFloat", "path": ["parameters", "learning_rate"], "value": 0.001}, "version": 19}
{"obj": {"type": "AssignString", "path": ["parameters", "optimizer"], "value": "adam"}, "version": 20}
{"obj": {"type": "AssignInt", "path": ["parameters", "patience"], "value": 5000}, "version": 21}
{"obj": {"type": "AssignInt", "path": ["parameters", "subsampleFreq"], "value": 128}, "version": 22}
{"obj": {"type": "AssignInt", "path": ["parameters", "secondsInWindow"], "value": 1}, "version": 23}
{"obj": {"type": "AssignInt", "path": ["parameters", "nperseg"], "value": 128}, "version": 24}
{"obj": {"type": "AssignInt", "path": ["parameters", "noverlap"], "value": 127}, "version": 25}
{"obj": {"type": "AssignString", "path": ["parameters", "window"], "value": "('tukey', 0.25)"}, "version": 26}
{"obj": {"type": "AssignString", "path": ["parameters", "loss_fn"], "value": "L1Loss()"}, "version": 27}
{"obj": {"type": "AssignString", "path": ["parameters", "architectureString"], "value": "Sequential(\n  (in): residualBlockConcat(\n    (linear): Linear(in_features=5655, out_features=6167, bias=True)\n    (bn): BatchNorm1d(5655, eps=1e-05, momentum=0.1, affine=True, track_running_stats=True)\n  )\n  (residConcat0): residualBlockConcat(\n    (linear): Linear(in_features=6167, out_features=6679, bias=True)\n    (bn): BatchNorm1d(6167, eps=1e-05, momentum=0.1, affine=True, track_running_stats=True)\n  )\n  (residConcat1): residualBlockConcat(\n    (linear): Linear(in_features=6679, out_features=7191, bias=True)\n    (bn): BatchNorm1d(6679, eps=1e-05, momentum=0.1, affine=True, track_running_stats=True)\n  )\n  (residConcat2): residualBlockConcat(\n    (linear): Linear(in_features=7191, out_features=7703, bias=True)\n    (bn): BatchNorm1d(7191, eps=1e-05, momentum=0.1, affine=True, track_running_stats=True)\n  )\n  (residConcat3): residualBlockConcat(\n    (linear): Linear(in_features=7703, out_features=8215, bias=True)\n    (bn): BatchNorm1d(7703, eps=1e-05, momentum=0.1, affine=True, track_running_stats=True)\n  )\n  (out): residualBlockConcat(\n    (linear): Linear(in_features=8215, out_features=1, bias=True)\n    (bn): BatchNorm1d(8215, eps=1e-05, momentum=0.1, affine=True, track_running_stats=True)\n  )\n)"}, "version": 28}
{"obj": {"type": "AssignInt", "path": ["parameters", "numParameters"], "value": 242892276}, "version": 29}
{"obj": {"type": "LogFloats", "path": ["monitoring", "036bf6c5", "cpu"], "values": [{"value": 0.1, "step": null, "ts": 1682199043.357832}]}, "version": 30}
{"obj": {"type": "LogStrings", "path": ["monitoring", "036bf6c5", "stdout"], "values": [{"value": "Epoch 1\n-------------------------------", "step": null, "ts": 1682199043.3922102}]}, "version": 31}
{"obj": {"type": "LogFloats", "path": ["monitoring", "036bf6c5", "memory"], "values": [{"value": 25.229290008544922, "step": null, "ts": 1682199043.357832}]}, "version": 32}
{"obj": {"type": "LogFloats", "path": ["monitoring", "036bf6c5", "gpu_memory"], "values": [{"value": 2.7586669921875, "step": null, "ts": 1682199043.357832}]}, "version": 33}
{"obj": {"type": "LogStrings", "path": ["monitoring", "036bf6c5", "stdout"], "values": [{"value": "\n", "step": null, "ts": 1682199043.4075353}]}, "version": 34}
{"obj": {"type": "LogFloats", "path": ["monitoring", "036bf6c5", "memory"], "values": [{"value": 25.230575561523438, "step": null, "ts": 1682199053.4078817}]}, "version": 35}
{"obj": {"type": "LogFloats", "path": ["monitoring", "036bf6c5", "gpu_memory"], "values": [{"value": 2.8797607421875, "step": null, "ts": 1682199053.4078817}]}, "version": 36}
{"obj": {"type": "LogFloats", "path": ["monitoring", "036bf6c5", "cpu"], "values": [{"value": 0.1, "step": null, "ts": 1682199063.415113}]}, "version": 37}
{"obj": {"type": "LogFloats", "path": ["monitoring", "036bf6c5", "memory"], "values": [{"value": 25.228256225585938, "step": null, "ts": 1682199063.415113}]}, "version": 38}
{"obj": {"type": "LogFloats", "path": ["monitoring", "036bf6c5", "gpu_memory"], "values": [{"value": 2.8797607421875, "step": null, "ts": 1682199063.415113}]}, "version": 39}
{"obj": {"type": "LogFloats", "path": ["monitoring", "036bf6c5", "memory"], "values": [{"value": 25.227394104003906, "step": null, "ts": 1682199073.4238627}]}, "version": 40}
{"obj": {"type": "LogFloats", "path": ["monitoring", "036bf6c5", "gpu_memory"], "values": [{"value": 2.8797607421875, "step": null, "ts": 1682199073.4238627}]}, "version": 41}
